The target system is: Generic -  - 
The host system is: Darwin - 20.4.0 - arm64
Compiling the C compiler identification source file "CMakeCCompilerId.c" succeeded.
Compiler: /Users/masuidrive/.espressif/tools/xtensa-esp32-elf/esp-2020r3-5-g39b36b0-8.4.0/xtensa-esp32-elf/bin/xtensa-esp32-elf-gcc 
Build flags: -mlongcalls;-Wno-frame-address
Id flags:  

The output was:
0


Compilation of the C compiler identification source "CMakeCCompilerId.c" produced "a.out"

The C compiler identification is GNU, found in "/Users/masuidrive/Downloads/_19_4_GATT_WRITE/example/build/bootloader/CMakeFiles/3.20.1/CompilerIdC/a.out"

Compiling the CXX compiler identification source file "CMakeCXXCompilerId.cpp" succeeded.
Compiler: /Users/masuidrive/.espressif/tools/xtensa-esp32-elf/esp-2020r3-5-g39b36b0-8.4.0/xtensa-esp32-elf/bin/xtensa-esp32-elf-g++ 
Build flags: -mlongcalls;-Wno-frame-address
Id flags:  

The output was:
0


Compilation of the CXX compiler identification source "CMakeCXXCompilerId.cpp" produced "a.out"

The CXX compiler identification is GNU, found in "/Users/masuidrive/Downloads/_19_4_GATT_WRITE/example/build/bootloader/CMakeFiles/3.20.1/CompilerIdCXX/a.out"

Checking whether the ASM compiler is GNU using "--version" matched "(GNU assembler)|(GCC)|(Free Software Foundation)":
xtensa-esp32-elf-gcc (crosstool-NG esp-2020r3-5-g39b36b0) 8.4.0
Copyright (C) 2018 Free Software Foundation, Inc.
This is free software; see the source for copying conditions.  There is NO
warranty; not even for MERCHANTABILITY or FITNESS FOR A PARTICULAR PURPOSE.

Detecting C compiler ABI info compiled with the following output:
Change Dir: /Users/masuidrive/Downloads/_19_4_GATT_WRITE/example/build/bootloader/CMakeFiles/CMakeTmp

Run Build Command(s):/opt/homebrew/bin/ninja-build cmTC_e7e30 && [1/2] Building C object CMakeFiles/cmTC_e7e30.dir/CMakeCCompilerABI.c.obj
Using built-in specs.
COLLECT_GCC=/Users/masuidrive/.espressif/tools/xtensa-esp32-elf/esp-2020r3-5-g39b36b0-8.4.0/xtensa-esp32-elf/bin/xtensa-esp32-elf-gcc
Target: xtensa-esp32-elf
Configured with: /Volumes/ctng/shit/crosstool-NG/.build/xtensa-esp32-elf/src/gcc/configure --build=aarch64-build_apple-darwin20.3.0 --host=aarch64-build_apple-darwin20.3.0 --target=xtensa-esp32-elf --prefix=/Volumes/ctng/shit/crosstool-NG/builds/xtensa-esp32-elf --with-local-prefix=/Volumes/ctng/shit/crosstool-NG/builds/xtensa-esp32-elf/xtensa-esp32-elf --with-headers=/Volumes/ctng/shit/crosstool-NG/builds/xtensa-esp32-elf/xtensa-esp32-elf/include --with-newlib --enable-threads=no --disable-shared --with-pkgversion='crosstool-NG esp-2020r3-5-g39b36b0' --disable-__cxa_atexit --enable-cxx-flags=-ffunction-sections --disable-libgomp --disable-libmudflap --disable-libmpx --disable-libssp --disable-libquadmath --disable-libquadmath-support --with-gmp=/Volumes/ctng/shit/crosstool-NG/.build/xtensa-esp32-elf/buildtools --with-mpfr=/Volumes/ctng/shit/crosstool-NG/.build/xtensa-esp32-elf/buildtools --with-mpc=/Volumes/ctng/shit/crosstool-NG/.build/xtensa-esp32-elf/buildtools --with-isl=/Volumes/ctng/shit/crosstool-NG/.build/xtensa-esp32-elf/buildtools --enable-lto --enable-target-optspace --without-long-double-128 --disable-nls --enable-multiarch --enable-languages=c,c++ --disable-libstdcxx-verbose --enable-threads=posix --enable-gcov-custom-rtio --enable-libstdcxx-time=yes
Thread model: posix
gcc version 8.4.0 (crosstool-NG esp-2020r3-5-g39b36b0) 
COLLECT_GCC_OPTIONS='-mlongcalls' '-Wno-frame-address' '-v' '-o' 'CMakeFiles/cmTC_e7e30.dir/CMakeCCompilerABI.c.obj' '-c'
 /Users/masuidrive/.espressif/tools/xtensa-esp32-elf/esp-2020r3-5-g39b36b0-8.4.0/xtensa-esp32-elf/bin/../libexec/gcc/xtensa-esp32-elf/8.4.0/cc1 -quiet -v -iprefix /Users/masuidrive/.espressif/tools/xtensa-esp32-elf/esp-2020r3-5-g39b36b0-8.4.0/xtensa-esp32-elf/bin/../lib/gcc/xtensa-esp32-elf/8.4.0/ /opt/homebrew/Cellar/cmake/3.20.1/share/cmake/Modules/CMakeCCompilerABI.c -quiet -dumpbase CMakeCCompilerABI.c -mlongcalls -auxbase-strip CMakeFiles/cmTC_e7e30.dir/CMakeCCompilerABI.c.obj -Wno-frame-address -version -o /var/folders/x7/2xzsl1d9491gr6ftw_27rq080000gn/T//cc0FXAcV.s
GNU C17 (crosstool-NG esp-2020r3-5-g39b36b0) version 8.4.0 (xtensa-esp32-elf)
	compiled by GNU C version Apple LLVM 12.0.0 (clang-1200.0.32.29), GMP version 6.2.1, MPFR version 4.0.1, MPC version 1.1.0, isl version isl-0.19-GMP

GGC heuristics: --param ggc-min-expand=100 --param ggc-min-heapsize=131072
ignoring duplicate directory "/Users/masuidrive/.espressif/tools/xtensa-esp32-elf/esp-2020r3-5-g39b36b0-8.4.0/xtensa-esp32-elf/bin/../lib/gcc/../../lib/gcc/xtensa-esp32-elf/8.4.0/include"
ignoring duplicate directory "/Users/masuidrive/.espressif/tools/xtensa-esp32-elf/esp-2020r3-5-g39b36b0-8.4.0/xtensa-esp32-elf/bin/../lib/gcc/../../lib/gcc/xtensa-esp32-elf/8.4.0/include-fixed"
ignoring duplicate directory "/Users/masuidrive/.espressif/tools/xtensa-esp32-elf/esp-2020r3-5-g39b36b0-8.4.0/xtensa-esp32-elf/bin/../lib/gcc/../../lib/gcc/xtensa-esp32-elf/8.4.0/../../../../xtensa-esp32-elf/sys-include"
ignoring duplicate directory "/Users/masuidrive/.espressif/tools/xtensa-esp32-elf/esp-2020r3-5-g39b36b0-8.4.0/xtensa-esp32-elf/bin/../lib/gcc/../../lib/gcc/xtensa-esp32-elf/8.4.0/../../../../xtensa-esp32-elf/include"
#include "..." search starts here:
#include <...> search starts here:
 /Users/masuidrive/.espressif/tools/xtensa-esp32-elf/esp-2020r3-5-g39b36b0-8.4.0/xtensa-esp32-elf/bin/../lib/gcc/xtensa-esp32-elf/8.4.0/include
 /Users/masuidrive/.espressif/tools/xtensa-esp32-elf/esp-2020r3-5-g39b36b0-8.4.0/xtensa-esp32-elf/bin/../lib/gcc/xtensa-esp32-elf/8.4.0/include-fixed
 /Users/masuidrive/.espressif/tools/xtensa-esp32-elf/esp-2020r3-5-g39b36b0-8.4.0/xtensa-esp32-elf/bin/../lib/gcc/xtensa-esp32-elf/8.4.0/../../../../xtensa-esp32-elf/sys-include
 /Users/masuidrive/.espressif/tools/xtensa-esp32-elf/esp-2020r3-5-g39b36b0-8.4.0/xtensa-esp32-elf/bin/../lib/gcc/xtensa-esp32-elf/8.4.0/../../../../xtensa-esp32-elf/include
End of search list.
GNU C17 (crosstool-NG esp-2020r3-5-g39b36b0) version 8.4.0 (xtensa-esp32-elf)
	compiled by GNU C version Apple LLVM 12.0.0 (clang-1200.0.32.29), GMP version 6.2.1, MPFR version 4.0.1, MPC version 1.1.0, isl version isl-0.19-GMP

GGC heuristics: --param ggc-min-expand=100 --param ggc-min-heapsize=131072
Compiler executable checksum: 8bcd916bf517d07f85ee754a0611de99
COLLECT_GCC_OPTIONS='-mlongcalls' '-Wno-frame-address' '-v' '-o' 'CMakeFiles/cmTC_e7e30.dir/CMakeCCompilerABI.c.obj' '-c'
 /Users/masuidrive/.espressif/tools/xtensa-esp32-elf/esp-2020r3-5-g39b36b0-8.4.0/xtensa-esp32-elf/bin/../lib/gcc/xtensa-esp32-elf/8.4.0/../../../../xtensa-esp32-elf/bin/as --traditional-format --longcalls -o CMakeFiles/cmTC_e7e30.dir/CMakeCCompilerABI.c.obj /var/folders/x7/2xzsl1d9491gr6ftw_27rq080000gn/T//cc0FXAcV.s
COMPILER_PATH=/Users/masuidrive/.espressif/tools/xtensa-esp32-elf/esp-2020r3-5-g39b36b0-8.4.0/xtensa-esp32-elf/bin/../libexec/gcc/xtensa-esp32-elf/8.4.0/:/Users/masuidrive/.espressif/tools/xtensa-esp32-elf/esp-2020r3-5-g39b36b0-8.4.0/xtensa-esp32-elf/bin/../libexec/gcc/:/Users/masuidrive/.espressif/tools/xtensa-esp32-elf/esp-2020r3-5-g39b36b0-8.4.0/xtensa-esp32-elf/bin/../lib/gcc/xtensa-esp32-elf/8.4.0/../../../../xtensa-esp32-elf/bin/
LIBRARY_PATH=/Users/masuidrive/.espressif/tools/xtensa-esp32-elf/esp-2020r3-5-g39b36b0-8.4.0/xtensa-esp32-elf/bin/../lib/gcc/xtensa-esp32-elf/8.4.0/:/Users/masuidrive/.espressif/tools/xtensa-esp32-elf/esp-2020r3-5-g39b36b0-8.4.0/xtensa-esp32-elf/bin/../lib/gcc/:/Users/masuidrive/.espressif/tools/xtensa-esp32-elf/esp-2020r3-5-g39b36b0-8.4.0/xtensa-esp32-elf/bin/../lib/gcc/xtensa-esp32-elf/8.4.0/../../../../xtensa-esp32-elf/lib/
COLLECT_GCC_OPTIONS='-mlongcalls' '-Wno-frame-address' '-v' '-o' 'CMakeFiles/cmTC_e7e30.dir/CMakeCCompilerABI.c.obj' '-c'
[2/2] Linking C executable cmTC_e7e30
Using built-in specs.
COLLECT_GCC=/Users/masuidrive/.espressif/tools/xtensa-esp32-elf/esp-2020r3-5-g39b36b0-8.4.0/xtensa-esp32-elf/bin/xtensa-esp32-elf-gcc
COLLECT_LTO_WRAPPER=/Users/masuidrive/.espressif/tools/xtensa-esp32-elf/esp-2020r3-5-g39b36b0-8.4.0/xtensa-esp32-elf/bin/../libexec/gcc/xtensa-esp32-elf/8.4.0/lto-wrapper
Target: xtensa-esp32-elf
Configured with: /Volumes/ctng/shit/crosstool-NG/.build/xtensa-esp32-elf/src/gcc/configure --build=aarch64-build_apple-darwin20.3.0 --host=aarch64-build_apple-darwin20.3.0 --target=xtensa-esp32-elf --prefix=/Volumes/ctng/shit/crosstool-NG/builds/xtensa-esp32-elf --with-local-prefix=/Volumes/ctng/shit/crosstool-NG/builds/xtensa-esp32-elf/xtensa-esp32-elf --with-headers=/Volumes/ctng/shit/crosstool-NG/builds/xtensa-esp32-elf/xtensa-esp32-elf/include --with-newlib --enable-threads=no --disable-shared --with-pkgversion='crosstool-NG esp-2020r3-5-g39b36b0' --disable-__cxa_atexit --enable-cxx-flags=-ffunction-sections --disable-libgomp --disable-libmudflap --disable-libmpx --disable-libssp --disable-libquadmath --disable-libquadmath-support --with-gmp=/Volumes/ctng/shit/crosstool-NG/.build/xtensa-esp32-elf/buildtools --with-mpfr=/Volumes/ctng/shit/crosstool-NG/.build/xtensa-esp32-elf/buildtools --with-mpc=/Volumes/ctng/shit/crosstool-NG/.build/xtensa-esp32-elf/buildtools --with-isl=/Volumes/ctng/shit/crosstool-NG/.build/xtensa-esp32-elf/buildtools --enable-lto --enable-target-optspace --without-long-double-128 --disable-nls --enable-multiarch --enable-languages=c,c++ --disable-libstdcxx-verbose --enable-threads=posix --enable-gcov-custom-rtio --enable-libstdcxx-time=yes
Thread model: posix
gcc version 8.4.0 (crosstool-NG esp-2020r3-5-g39b36b0) 
COMPILER_PATH=/Users/masuidrive/.espressif/tools/xtensa-esp32-elf/esp-2020r3-5-g39b36b0-8.4.0/xtensa-esp32-elf/bin/../libexec/gcc/xtensa-esp32-elf/8.4.0/:/Users/masuidrive/.espressif/tools/xtensa-esp32-elf/esp-2020r3-5-g39b36b0-8.4.0/xtensa-esp32-elf/bin/../libexec/gcc/:/Users/masuidrive/.espressif/tools/xtensa-esp32-elf/esp-2020r3-5-g39b36b0-8.4.0/xtensa-esp32-elf/bin/../lib/gcc/xtensa-esp32-elf/8.4.0/../../../../xtensa-esp32-elf/bin/
LIBRARY_PATH=/Users/masuidrive/.espressif/tools/xtensa-esp32-elf/esp-2020r3-5-g39b36b0-8.4.0/xtensa-esp32-elf/bin/../lib/gcc/xtensa-esp32-elf/8.4.0/:/Users/masuidrive/.espressif/tools/xtensa-esp32-elf/esp-2020r3-5-g39b36b0-8.4.0/xtensa-esp32-elf/bin/../lib/gcc/:/Users/masuidrive/.espressif/tools/xtensa-esp32-elf/esp-2020r3-5-g39b36b0-8.4.0/xtensa-esp32-elf/bin/../lib/gcc/xtensa-esp32-elf/8.4.0/../../../../xtensa-esp32-elf/lib/
COLLECT_GCC_OPTIONS='-mlongcalls' '-Wno-frame-address' '-v' '-o' 'cmTC_e7e30'
 /Users/masuidrive/.espressif/tools/xtensa-esp32-elf/esp-2020r3-5-g39b36b0-8.4.0/xtensa-esp32-elf/bin/../libexec/gcc/xtensa-esp32-elf/8.4.0/collect2 -plugin /Users/masuidrive/.espressif/tools/xtensa-esp32-elf/esp-2020r3-5-g39b36b0-8.4.0/xtensa-esp32-elf/bin/../libexec/gcc/xtensa-esp32-elf/8.4.0/liblto_plugin.so -plugin-opt=/Users/masuidrive/.espressif/tools/xtensa-esp32-elf/esp-2020r3-5-g39b36b0-8.4.0/xtensa-esp32-elf/bin/../libexec/gcc/xtensa-esp32-elf/8.4.0/lto-wrapper -plugin-opt=-fresolution=/var/folders/x7/2xzsl1d9491gr6ftw_27rq080000gn/T//cclm88Pa.res -plugin-opt=-pass-through=-lgcc -plugin-opt=-pass-through=-lc -plugin-opt=-pass-through=-lnosys -plugin-opt=-pass-through=-lc -plugin-opt=-pass-through=-lgcc -o cmTC_e7e30 /Users/masuidrive/.espressif/tools/xtensa-esp32-elf/esp-2020r3-5-g39b36b0-8.4.0/xtensa-esp32-elf/bin/../lib/gcc/xtensa-esp32-elf/8.4.0/../../../../xtensa-esp32-elf/lib/crt0.o /Users/masuidrive/.espressif/tools/xtensa-esp32-elf/esp-2020r3-5-g39b36b0-8.4.0/xtensa-esp32-elf/bin/../lib/gcc/xtensa-esp32-elf/8.4.0/crti.o /Users/masuidrive/.espressif/tools/xtensa-esp32-elf/esp-2020r3-5-g39b36b0-8.4.0/xtensa-esp32-elf/bin/../lib/gcc/xtensa-esp32-elf/8.4.0/crtbegin.o -L/Users/masuidrive/.espressif/tools/xtensa-esp32-elf/esp-2020r3-5-g39b36b0-8.4.0/xtensa-esp32-elf/bin/../lib/gcc/xtensa-esp32-elf/8.4.0 -L/Users/masuidrive/.espressif/tools/xtensa-esp32-elf/esp-2020r3-5-g39b36b0-8.4.0/xtensa-esp32-elf/bin/../lib/gcc -L/Users/masuidrive/.espressif/tools/xtensa-esp32-elf/esp-2020r3-5-g39b36b0-8.4.0/xtensa-esp32-elf/bin/../lib/gcc/xtensa-esp32-elf/8.4.0/../../../../xtensa-esp32-elf/lib CMakeFiles/cmTC_e7e30.dir/CMakeCCompilerABI.c.obj -lgcc -lc -lnosys -lc -lgcc /Users/masuidrive/.espressif/tools/xtensa-esp32-elf/esp-2020r3-5-g39b36b0-8.4.0/xtensa-esp32-elf/bin/../lib/gcc/xtensa-esp32-elf/8.4.0/crtend.o /Users/masuidrive/.espressif/tools/xtensa-esp32-elf/esp-2020r3-5-g39b36b0-8.4.0/xtensa-esp32-elf/bin/../lib/gcc/xtensa-esp32-elf/8.4.0/crtn.o
COLLECT_GCC_OPTIONS='-mlongcalls' '-Wno-frame-address' '-v' '-o' 'cmTC_e7e30'



Parsed C implicit include dir info from above output: rv=done
  found start of include info
  found start of implicit include info
    add: [/Users/masuidrive/.espressif/tools/xtensa-esp32-elf/esp-2020r3-5-g39b36b0-8.4.0/xtensa-esp32-elf/bin/../lib/gcc/xtensa-esp32-elf/8.4.0/include]
    add: [/Users/masuidrive/.espressif/tools/xtensa-esp32-elf/esp-2020r3-5-g39b36b0-8.4.0/xtensa-esp32-elf/bin/../lib/gcc/xtensa-esp32-elf/8.4.0/include-fixed]
    add: [/Users/masuidrive/.espressif/tools/xtensa-esp32-elf/esp-2020r3-5-g39b36b0-8.4.0/xtensa-esp32-elf/bin/../lib/gcc/xtensa-esp32-elf/8.4.0/../../../../xtensa-esp32-elf/sys-include]
    add: [/Users/masuidrive/.espressif/tools/xtensa-esp32-elf/esp-2020r3-5-g39b36b0-8.4.0/xtensa-esp32-elf/bin/../lib/gcc/xtensa-esp32-elf/8.4.0/../../../../xtensa-esp32-elf/include]
  end of search list found
  collapse include dir [/Users/masuidrive/.espressif/tools/xtensa-esp32-elf/esp-2020r3-5-g39b36b0-8.4.0/xtensa-esp32-elf/bin/../lib/gcc/xtensa-esp32-elf/8.4.0/include] ==> [/Users/masuidrive/.espressif/tools/xtensa-esp32-elf/esp-2020r3-5-g39b36b0-8.4.0/xtensa-esp32-elf/lib/gcc/xtensa-esp32-elf/8.4.0/include]
  collapse include dir [/Users/masuidrive/.espressif/tools/xtensa-esp32-elf/esp-2020r3-5-g39b36b0-8.4.0/xtensa-esp32-elf/bin/../lib/gcc/xtensa-esp32-elf/8.4.0/include-fixed] ==> [/Users/masuidrive/.espressif/tools/xtensa-esp32-elf/esp-2020r3-5-g39b36b0-8.4.0/xtensa-esp32-elf/lib/gcc/xtensa-esp32-elf/8.4.0/include-fixed]
  collapse include dir [/Users/masuidrive/.espressif/tools/xtensa-esp32-elf/esp-2020r3-5-g39b36b0-8.4.0/xtensa-esp32-elf/bin/../lib/gcc/xtensa-esp32-elf/8.4.0/../../../../xtensa-esp32-elf/sys-include] ==> [/Users/masuidrive/.espressif/tools/xtensa-esp32-elf/esp-2020r3-5-g39b36b0-8.4.0/xtensa-esp32-elf/xtensa-esp32-elf/sys-include]
  collapse include dir [/Users/masuidrive/.espressif/tools/xtensa-esp32-elf/esp-2020r3-5-g39b36b0-8.4.0/xtensa-esp32-elf/bin/../lib/gcc/xtensa-esp32-elf/8.4.0/../../../../xtensa-esp32-elf/include] ==> [/Users/masuidrive/.espressif/tools/xtensa-esp32-elf/esp-2020r3-5-g39b36b0-8.4.0/xtensa-esp32-elf/xtensa-esp32-elf/include]
  implicit include dirs: [/Users/masuidrive/.espressif/tools/xtensa-esp32-elf/esp-2020r3-5-g39b36b0-8.4.0/xtensa-esp32-elf/lib/gcc/xtensa-esp32-elf/8.4.0/include;/Users/masuidrive/.espressif/tools/xtensa-esp32-elf/esp-2020r3-5-g39b36b0-8.4.0/xtensa-esp32-elf/lib/gcc/xtensa-esp32-elf/8.4.0/include-fixed;/Users/masuidrive/.espressif/tools/xtensa-esp32-elf/esp-2020r3-5-g39b36b0-8.4.0/xtensa-esp32-elf/xtensa-esp32-elf/sys-include;/Users/masuidrive/.espressif/tools/xtensa-esp32-elf/esp-2020r3-5-g39b36b0-8.4.0/xtensa-esp32-elf/xtensa-esp32-elf/include]


Parsed C implicit link information from above output:
  link line regex: [^( *|.*[/\])(xtensa-esp32-elf-ld|CMAKE_LINK_STARTFILE-NOTFOUND|([^/\]+-)?ld|collect2)[^/\]*( |$)]
  ignore line: [Change Dir: /Users/masuidrive/Downloads/_19_4_GATT_WRITE/example/build/bootloader/CMakeFiles/CMakeTmp]
  ignore line: []
  ignore line: [Run Build Command(s):/opt/homebrew/bin/ninja-build cmTC_e7e30 && [1/2] Building C object CMakeFiles/cmTC_e7e30.dir/CMakeCCompilerABI.c.obj]
  ignore line: [Using built-in specs.]
  ignore line: [COLLECT_GCC=/Users/masuidrive/.espressif/tools/xtensa-esp32-elf/esp-2020r3-5-g39b36b0-8.4.0/xtensa-esp32-elf/bin/xtensa-esp32-elf-gcc]
  ignore line: [Target: xtensa-esp32-elf]
  ignore line: [Configured with: /Volumes/ctng/shit/crosstool-NG/.build/xtensa-esp32-elf/src/gcc/configure --build=aarch64-build_apple-darwin20.3.0 --host=aarch64-build_apple-darwin20.3.0 --target=xtensa-esp32-elf --prefix=/Volumes/ctng/shit/crosstool-NG/builds/xtensa-esp32-elf --with-local-prefix=/Volumes/ctng/shit/crosstool-NG/builds/xtensa-esp32-elf/xtensa-esp32-elf --with-headers=/Volumes/ctng/shit/crosstool-NG/builds/xtensa-esp32-elf/xtensa-esp32-elf/include --with-newlib --enable-threads=no --disable-shared --with-pkgversion='crosstool-NG esp-2020r3-5-g39b36b0' --disable-__cxa_atexit --enable-cxx-flags=-ffunction-sections --disable-libgomp --disable-libmudflap --disable-libmpx --disable-libssp --disable-libquadmath --disable-libquadmath-support --with-gmp=/Volumes/ctng/shit/crosstool-NG/.build/xtensa-esp32-elf/buildtools --with-mpfr=/Volumes/ctng/shit/crosstool-NG/.build/xtensa-esp32-elf/buildtools --with-mpc=/Volumes/ctng/shit/crosstool-NG/.build/xtensa-esp32-elf/buildtools --with-isl=/Volumes/ctng/shit/crosstool-NG/.build/xtensa-esp32-elf/buildtools --enable-lto --enable-target-optspace --without-long-double-128 --disable-nls --enable-multiarch --enable-languages=c c++ --disable-libstdcxx-verbose --enable-threads=posix --enable-gcov-custom-rtio --enable-libstdcxx-time=yes]
  ignore line: [Thread model: posix]
  ignore line: [gcc version 8.4.0 (crosstool-NG esp-2020r3-5-g39b36b0) ]
  ignore line: [COLLECT_GCC_OPTIONS='-mlongcalls' '-Wno-frame-address' '-v' '-o' 'CMakeFiles/cmTC_e7e30.dir/CMakeCCompilerABI.c.obj' '-c']
  ignore line: [ /Users/masuidrive/.espressif/tools/xtensa-esp32-elf/esp-2020r3-5-g39b36b0-8.4.0/xtensa-esp32-elf/bin/../libexec/gcc/xtensa-esp32-elf/8.4.0/cc1 -quiet -v -iprefix /Users/masuidrive/.espressif/tools/xtensa-esp32-elf/esp-2020r3-5-g39b36b0-8.4.0/xtensa-esp32-elf/bin/../lib/gcc/xtensa-esp32-elf/8.4.0/ /opt/homebrew/Cellar/cmake/3.20.1/share/cmake/Modules/CMakeCCompilerABI.c -quiet -dumpbase CMakeCCompilerABI.c -mlongcalls -auxbase-strip CMakeFiles/cmTC_e7e30.dir/CMakeCCompilerABI.c.obj -Wno-frame-address -version -o /var/folders/x7/2xzsl1d9491gr6ftw_27rq080000gn/T//cc0FXAcV.s]
  ignore line: [GNU C17 (crosstool-NG esp-2020r3-5-g39b36b0) version 8.4.0 (xtensa-esp32-elf)]
  ignore line: [	compiled by GNU C version Apple LLVM 12.0.0 (clang-1200.0.32.29)  GMP version 6.2.1  MPFR version 4.0.1  MPC version 1.1.0  isl version isl-0.19-GMP]
  ignore line: []
  ignore line: [GGC heuristics: --param ggc-min-expand=100 --param ggc-min-heapsize=131072]
  ignore line: [ignoring duplicate directory "/Users/masuidrive/.espressif/tools/xtensa-esp32-elf/esp-2020r3-5-g39b36b0-8.4.0/xtensa-esp32-elf/bin/../lib/gcc/../../lib/gcc/xtensa-esp32-elf/8.4.0/include"]
  ignore line: [ignoring duplicate directory "/Users/masuidrive/.espressif/tools/xtensa-esp32-elf/esp-2020r3-5-g39b36b0-8.4.0/xtensa-esp32-elf/bin/../lib/gcc/../../lib/gcc/xtensa-esp32-elf/8.4.0/include-fixed"]
  ignore line: [ignoring duplicate directory "/Users/masuidrive/.espressif/tools/xtensa-esp32-elf/esp-2020r3-5-g39b36b0-8.4.0/xtensa-esp32-elf/bin/../lib/gcc/../../lib/gcc/xtensa-esp32-elf/8.4.0/../../../../xtensa-esp32-elf/sys-include"]
  ignore line: [ignoring duplicate directory "/Users/masuidrive/.espressif/tools/xtensa-esp32-elf/esp-2020r3-5-g39b36b0-8.4.0/xtensa-esp32-elf/bin/../lib/gcc/../../lib/gcc/xtensa-esp32-elf/8.4.0/../../../../xtensa-esp32-elf/include"]
  ignore line: [#include "..." search starts here:]
  ignore line: [#include <...> search starts here:]
  ignore line: [ /Users/masuidrive/.espressif/tools/xtensa-esp32-elf/esp-2020r3-5-g39b36b0-8.4.0/xtensa-esp32-elf/bin/../lib/gcc/xtensa-esp32-elf/8.4.0/include]
  ignore line: [ /Users/masuidrive/.espressif/tools/xtensa-esp32-elf/esp-2020r3-5-g39b36b0-8.4.0/xtensa-esp32-elf/bin/../lib/gcc/xtensa-esp32-elf/8.4.0/include-fixed]
  ignore line: [ /Users/masuidrive/.espressif/tools/xtensa-esp32-elf/esp-2020r3-5-g39b36b0-8.4.0/xtensa-esp32-elf/bin/../lib/gcc/xtensa-esp32-elf/8.4.0/../../../../xtensa-esp32-elf/sys-include]
  ignore line: [ /Users/masuidrive/.espressif/tools/xtensa-esp32-elf/esp-2020r3-5-g39b36b0-8.4.0/xtensa-esp32-elf/bin/../lib/gcc/xtensa-esp32-elf/8.4.0/../../../../xtensa-esp32-elf/include]
  ignore line: [End of search list.]
  ignore line: [GNU C17 (crosstool-NG esp-2020r3-5-g39b36b0) version 8.4.0 (xtensa-esp32-elf)]
  ignore line: [	compiled by GNU C version Apple LLVM 12.0.0 (clang-1200.0.32.29)  GMP version 6.2.1  MPFR version 4.0.1  MPC version 1.1.0  isl version isl-0.19-GMP]
  ignore line: []
  ignore line: [GGC heuristics: --param ggc-min-expand=100 --param ggc-min-heapsize=131072]
  ignore line: [Compiler executable checksum: 8bcd916bf517d07f85ee754a0611de99]
  ignore line: [COLLECT_GCC_OPTIONS='-mlongcalls' '-Wno-frame-address' '-v' '-o' 'CMakeFiles/cmTC_e7e30.dir/CMakeCCompilerABI.c.obj' '-c']
  ignore line: [ /Users/masuidrive/.espressif/tools/xtensa-esp32-elf/esp-2020r3-5-g39b36b0-8.4.0/xtensa-esp32-elf/bin/../lib/gcc/xtensa-esp32-elf/8.4.0/../../../../xtensa-esp32-elf/bin/as --traditional-format --longcalls -o CMakeFiles/cmTC_e7e30.dir/CMakeCCompilerABI.c.obj /var/folders/x7/2xzsl1d9491gr6ftw_27rq080000gn/T//cc0FXAcV.s]
  ignore line: [COMPILER_PATH=/Users/masuidrive/.espressif/tools/xtensa-esp32-elf/esp-2020r3-5-g39b36b0-8.4.0/xtensa-esp32-elf/bin/../libexec/gcc/xtensa-esp32-elf/8.4.0/:/Users/masuidrive/.espressif/tools/xtensa-esp32-elf/esp-2020r3-5-g39b36b0-8.4.0/xtensa-esp32-elf/bin/../libexec/gcc/:/Users/masuidrive/.espressif/tools/xtensa-esp32-elf/esp-2020r3-5-g39b36b0-8.4.0/xtensa-esp32-elf/bin/../lib/gcc/xtensa-esp32-elf/8.4.0/../../../../xtensa-esp32-elf/bin/]
  ignore line: [LIBRARY_PATH=/Users/masuidrive/.espressif/tools/xtensa-esp32-elf/esp-2020r3-5-g39b36b0-8.4.0/xtensa-esp32-elf/bin/../lib/gcc/xtensa-esp32-elf/8.4.0/:/Users/masuidrive/.espressif/tools/xtensa-esp32-elf/esp-2020r3-5-g39b36b0-8.4.0/xtensa-esp32-elf/bin/../lib/gcc/:/Users/masuidrive/.espressif/tools/xtensa-esp32-elf/esp-2020r3-5-g39b36b0-8.4.0/xtensa-esp32-elf/bin/../lib/gcc/xtensa-esp32-elf/8.4.0/../../../../xtensa-esp32-elf/lib/]
  ignore line: [COLLECT_GCC_OPTIONS='-mlongcalls' '-Wno-frame-address' '-v' '-o' 'CMakeFiles/cmTC_e7e30.dir/CMakeCCompilerABI.c.obj' '-c']
  ignore line: [[2/2] Linking C executable cmTC_e7e30]
  ignore line: [Using built-in specs.]
  ignore line: [COLLECT_GCC=/Users/masuidrive/.espressif/tools/xtensa-esp32-elf/esp-2020r3-5-g39b36b0-8.4.0/xtensa-esp32-elf/bin/xtensa-esp32-elf-gcc]
  ignore line: [COLLECT_LTO_WRAPPER=/Users/masuidrive/.espressif/tools/xtensa-esp32-elf/esp-2020r3-5-g39b36b0-8.4.0/xtensa-esp32-elf/bin/../libexec/gcc/xtensa-esp32-elf/8.4.0/lto-wrapper]
  ignore line: [Target: xtensa-esp32-elf]
  ignore line: [Configured with: /Volumes/ctng/shit/crosstool-NG/.build/xtensa-esp32-elf/src/gcc/configure --build=aarch64-build_apple-darwin20.3.0 --host=aarch64-build_apple-darwin20.3.0 --target=xtensa-esp32-elf --prefix=/Volumes/ctng/shit/crosstool-NG/builds/xtensa-esp32-elf --with-local-prefix=/Volumes/ctng/shit/crosstool-NG/builds/xtensa-esp32-elf/xtensa-esp32-elf --with-headers=/Volumes/ctng/shit/crosstool-NG/builds/xtensa-esp32-elf/xtensa-esp32-elf/include --with-newlib --enable-threads=no --disable-shared --with-pkgversion='crosstool-NG esp-2020r3-5-g39b36b0' --disable-__cxa_atexit --enable-cxx-flags=-ffunction-sections --disable-libgomp --disable-libmudflap --disable-libmpx --disable-libssp --disable-libquadmath --disable-libquadmath-support --with-gmp=/Volumes/ctng/shit/crosstool-NG/.build/xtensa-esp32-elf/buildtools --with-mpfr=/Volumes/ctng/shit/crosstool-NG/.build/xtensa-esp32-elf/buildtools --with-mpc=/Volumes/ctng/shit/crosstool-NG/.build/xtensa-esp32-elf/buildtools --with-isl=/Volumes/ctng/shit/crosstool-NG/.build/xtensa-esp32-elf/buildtools --enable-lto --enable-target-optspace --without-long-double-128 --disable-nls --enable-multiarch --enable-languages=c c++ --disable-libstdcxx-verbose --enable-threads=posix --enable-gcov-custom-rtio --enable-libstdcxx-time=yes]
  ignore line: [Thread model: posix]
  ignore line: [gcc version 8.4.0 (crosstool-NG esp-2020r3-5-g39b36b0) ]
  ignore line: [COMPILER_PATH=/Users/masuidrive/.espressif/tools/xtensa-esp32-elf/esp-2020r3-5-g39b36b0-8.4.0/xtensa-esp32-elf/bin/../libexec/gcc/xtensa-esp32-elf/8.4.0/:/Users/masuidrive/.espressif/tools/xtensa-esp32-elf/esp-2020r3-5-g39b36b0-8.4.0/xtensa-esp32-elf/bin/../libexec/gcc/:/Users/masuidrive/.espressif/tools/xtensa-esp32-elf/esp-2020r3-5-g39b36b0-8.4.0/xtensa-esp32-elf/bin/../lib/gcc/xtensa-esp32-elf/8.4.0/../../../../xtensa-esp32-elf/bin/]
  ignore line: [LIBRARY_PATH=/Users/masuidrive/.espressif/tools/xtensa-esp32-elf/esp-2020r3-5-g39b36b0-8.4.0/xtensa-esp32-elf/bin/../lib/gcc/xtensa-esp32-elf/8.4.0/:/Users/masuidrive/.espressif/tools/xtensa-esp32-elf/esp-2020r3-5-g39b36b0-8.4.0/xtensa-esp32-elf/bin/../lib/gcc/:/Users/masuidrive/.espressif/tools/xtensa-esp32-elf/esp-2020r3-5-g39b36b0-8.4.0/xtensa-esp32-elf/bin/../lib/gcc/xtensa-esp32-elf/8.4.0/../../../../xtensa-esp32-elf/lib/]
  ignore line: [COLLECT_GCC_OPTIONS='-mlongcalls' '-Wno-frame-address' '-v' '-o' 'cmTC_e7e30']
  link line: [ /Users/masuidrive/.espressif/tools/xtensa-esp32-elf/esp-2020r3-5-g39b36b0-8.4.0/xtensa-esp32-elf/bin/../libexec/gcc/xtensa-esp32-elf/8.4.0/collect2 -plugin /Users/masuidrive/.espressif/tools/xtensa-esp32-elf/esp-2020r3-5-g39b36b0-8.4.0/xtensa-esp32-elf/bin/../libexec/gcc/xtensa-esp32-elf/8.4.0/liblto_plugin.so -plugin-opt=/Users/masuidrive/.espressif/tools/xtensa-esp32-elf/esp-2020r3-5-g39b36b0-8.4.0/xtensa-esp32-elf/bin/../libexec/gcc/xtensa-esp32-elf/8.4.0/lto-wrapper -plugin-opt=-fresolution=/var/folders/x7/2xzsl1d9491gr6ftw_27rq080000gn/T//cclm88Pa.res -plugin-opt=-pass-through=-lgcc -plugin-opt=-pass-through=-lc -plugin-opt=-pass-through=-lnosys -plugin-opt=-pass-through=-lc -plugin-opt=-pass-through=-lgcc -o cmTC_e7e30 /Users/masuidrive/.espressif/tools/xtensa-esp32-elf/esp-2020r3-5-g39b36b0-8.4.0/xtensa-esp32-elf/bin/../lib/gcc/xtensa-esp32-elf/8.4.0/../../../../xtensa-esp32-elf/lib/crt0.o /Users/masuidrive/.espressif/tools/xtensa-esp32-elf/esp-2020r3-5-g39b36b0-8.4.0/xtensa-esp32-elf/bin/../lib/gcc/xtensa-esp32-elf/8.4.0/crti.o /Users/masuidrive/.espressif/tools/xtensa-esp32-elf/esp-2020r3-5-g39b36b0-8.4.0/xtensa-esp32-elf/bin/../lib/gcc/xtensa-esp32-elf/8.4.0/crtbegin.o -L/Users/masuidrive/.espressif/tools/xtensa-esp32-elf/esp-2020r3-5-g39b36b0-8.4.0/xtensa-esp32-elf/bin/../lib/gcc/xtensa-esp32-elf/8.4.0 -L/Users/masuidrive/.espressif/tools/xtensa-esp32-elf/esp-2020r3-5-g39b36b0-8.4.0/xtensa-esp32-elf/bin/../lib/gcc -L/Users/masuidrive/.espressif/tools/xtensa-esp32-elf/esp-2020r3-5-g39b36b0-8.4.0/xtensa-esp32-elf/bin/../lib/gcc/xtensa-esp32-elf/8.4.0/../../../../xtensa-esp32-elf/lib CMakeFiles/cmTC_e7e30.dir/CMakeCCompilerABI.c.obj -lgcc -lc -lnosys -lc -lgcc /Users/masuidrive/.espressif/tools/xtensa-esp32-elf/esp-2020r3-5-g39b36b0-8.4.0/xtensa-esp32-elf/bin/../lib/gcc/xtensa-esp32-elf/8.4.0/crtend.o /Users/masuidrive/.espressif/tools/xtensa-esp32-elf/esp-2020r3-5-g39b36b0-8.4.0/xtensa-esp32-elf/bin/../lib/gcc/xtensa-esp32-elf/8.4.0/crtn.o]
    arg [/Users/masuidrive/.espressif/tools/xtensa-esp32-elf/esp-2020r3-5-g39b36b0-8.4.0/xtensa-esp32-elf/bin/../libexec/gcc/xtensa-esp32-elf/8.4.0/collect2] ==> ignore
    arg [-plugin] ==> ignore
    arg [/Users/masuidrive/.espressif/tools/xtensa-esp32-elf/esp-2020r3-5-g39b36b0-8.4.0/xtensa-esp32-elf/bin/../libexec/gcc/xtensa-esp32-elf/8.4.0/liblto_plugin.so] ==> ignore
    arg [-plugin-opt=/Users/masuidrive/.espressif/tools/xtensa-esp32-elf/esp-2020r3-5-g39b36b0-8.4.0/xtensa-esp32-elf/bin/../libexec/gcc/xtensa-esp32-elf/8.4.0/lto-wrapper] ==> ignore
    arg [-plugin-opt=-fresolution=/var/folders/x7/2xzsl1d9491gr6ftw_27rq080000gn/T//cclm88Pa.res] ==> ignore
    arg [-plugin-opt=-pass-through=-lgcc] ==> ignore
    arg [-plugin-opt=-pass-through=-lc] ==> ignore
    arg [-plugin-opt=-pass-through=-lnosys] ==> ignore
    arg [-plugin-opt=-pass-through=-lc] ==> ignore
    arg [-plugin-opt=-pass-through=-lgcc] ==> ignore
    arg [-o] ==> ignore
    arg [cmTC_e7e30] ==> ignore
    arg [/Users/masuidrive/.espressif/tools/xtensa-esp32-elf/esp-2020r3-5-g39b36b0-8.4.0/xtensa-esp32-elf/bin/../lib/gcc/xtensa-esp32-elf/8.4.0/../../../../xtensa-esp32-elf/lib/crt0.o] ==> obj [/Users/masuidrive/.espressif/tools/xtensa-esp32-elf/esp-2020r3-5-g39b36b0-8.4.0/xtensa-esp32-elf/bin/../lib/gcc/xtensa-esp32-elf/8.4.0/../../../../xtensa-esp32-elf/lib/crt0.o]
    arg [/Users/masuidrive/.espressif/tools/xtensa-esp32-elf/esp-2020r3-5-g39b36b0-8.4.0/xtensa-esp32-elf/bin/../lib/gcc/xtensa-esp32-elf/8.4.0/crti.o] ==> obj [/Users/masuidrive/.espressif/tools/xtensa-esp32-elf/esp-2020r3-5-g39b36b0-8.4.0/xtensa-esp32-elf/bin/../lib/gcc/xtensa-esp32-elf/8.4.0/crti.o]
    arg [/Users/masuidrive/.espressif/tools/xtensa-esp32-elf/esp-2020r3-5-g39b36b0-8.4.0/xtensa-esp32-elf/bin/../lib/gcc/xtensa-esp32-elf/8.4.0/crtbegin.o] ==> obj [/Users/masuidrive/.espressif/tools/xtensa-esp32-elf/esp-2020r3-5-g39b36b0-8.4.0/xtensa-esp32-elf/bin/../lib/gcc/xtensa-esp32-elf/8.4.0/crtbegin.o]
    arg [-L/Users/masuidrive/.espressif/tools/xtensa-esp32-elf/esp-2020r3-5-g39b36b0-8.4.0/xtensa-esp32-elf/bin/../lib/gcc/xtensa-esp32-elf/8.4.0] ==> dir [/Users/masuidrive/.espressif/tools/xtensa-esp32-elf/esp-2020r3-5-g39b36b0-8.4.0/xtensa-esp32-elf/bin/../lib/gcc/xtensa-esp32-elf/8.4.0]
    arg [-L/Users/masuidrive/.espressif/tools/xtensa-esp32-elf/esp-2020r3-5-g39b36b0-8.4.0/xtensa-esp32-elf/bin/../lib/gcc] ==> dir [/Users/masuidrive/.espressif/tools/xtensa-esp32-elf/esp-2020r3-5-g39b36b0-8.4.0/xtensa-esp32-elf/bin/../lib/gcc]
    arg [-L/Users/masuidrive/.espressif/tools/xtensa-esp32-elf/esp-2020r3-5-g39b36b0-8.4.0/xtensa-esp32-elf/bin/../lib/gcc/xtensa-esp32-elf/8.4.0/../../../../xtensa-esp32-elf/lib] ==> dir [/Users/masuidrive/.espressif/tools/xtensa-esp32-elf/esp-2020r3-5-g39b36b0-8.4.0/xtensa-esp32-elf/bin/../lib/gcc/xtensa-esp32-elf/8.4.0/../../../../xtensa-esp32-elf/lib]
    arg [CMakeFiles/cmTC_e7e30.dir/CMakeCCompilerABI.c.obj] ==> ignore
    arg [-lgcc] ==> lib [gcc]
    arg [-lc] ==> lib [c]
    arg [-lnosys] ==> lib [nosys]
    arg [-lc] ==> lib [c]
    arg [-lgcc] ==> lib [gcc]
    arg [/Users/masuidrive/.espressif/tools/xtensa-esp32-elf/esp-2020r3-5-g39b36b0-8.4.0/xtensa-esp32-elf/bin/../lib/gcc/xtensa-esp32-elf/8.4.0/crtend.o] ==> obj [/Users/masuidrive/.espressif/tools/xtensa-esp32-elf/esp-2020r3-5-g39b36b0-8.4.0/xtensa-esp32-elf/bin/../lib/gcc/xtensa-esp32-elf/8.4.0/crtend.o]
    arg [/Users/masuidrive/.espressif/tools/xtensa-esp32-elf/esp-2020r3-5-g39b36b0-8.4.0/xtensa-esp32-elf/bin/../lib/gcc/xtensa-esp32-elf/8.4.0/crtn.o] ==> obj [/Users/masuidrive/.espressif/tools/xtensa-esp32-elf/esp-2020r3-5-g39b36b0-8.4.0/xtensa-esp32-elf/bin/../lib/gcc/xtensa-esp32-elf/8.4.0/crtn.o]
  collapse obj [/Users/masuidrive/.espressif/tools/xtensa-esp32-elf/esp-2020r3-5-g39b36b0-8.4.0/xtensa-esp32-elf/bin/../lib/gcc/xtensa-esp32-elf/8.4.0/../../../../xtensa-esp32-elf/lib/crt0.o] ==> [/Users/masuidrive/.espressif/tools/xtensa-esp32-elf/esp-2020r3-5-g39b36b0-8.4.0/xtensa-esp32-elf/xtensa-esp32-elf/lib/crt0.o]
  collapse obj [/Users/masuidrive/.espressif/tools/xtensa-esp32-elf/esp-2020r3-5-g39b36b0-8.4.0/xtensa-esp32-elf/bin/../lib/gcc/xtensa-esp32-elf/8.4.0/crti.o] ==> [/Users/masuidrive/.espressif/tools/xtensa-esp32-elf/esp-2020r3-5-g39b36b0-8.4.0/xtensa-esp32-elf/lib/gcc/xtensa-esp32-elf/8.4.0/crti.o]
  collapse obj [/Users/masuidrive/.espressif/tools/xtensa-esp32-elf/esp-2020r3-5-g39b36b0-8.4.0/xtensa-esp32-elf/bin/../lib/gcc/xtensa-esp32-elf/8.4.0/crtbegin.o] ==> [/Users/masuidrive/.espressif/tools/xtensa-esp32-elf/esp-2020r3-5-g39b36b0-8.4.0/xtensa-esp32-elf/lib/gcc/xtensa-esp32-elf/8.4.0/crtbegin.o]
  collapse obj [/Users/masuidrive/.espressif/tools/xtensa-esp32-elf/esp-2020r3-5-g39b36b0-8.4.0/xtensa-esp32-elf/bin/../lib/gcc/xtensa-esp32-elf/8.4.0/crtend.o] ==> [/Users/masuidrive/.espressif/tools/xtensa-esp32-elf/esp-2020r3-5-g39b36b0-8.4.0/xtensa-esp32-elf/lib/gcc/xtensa-esp32-elf/8.4.0/crtend.o]
  collapse obj [/Users/masuidrive/.espressif/tools/xtensa-esp32-elf/esp-2020r3-5-g39b36b0-8.4.0/xtensa-esp32-elf/bin/../lib/gcc/xtensa-esp32-elf/8.4.0/crtn.o] ==> [/Users/masuidrive/.espressif/tools/xtensa-esp32-elf/esp-2020r3-5-g39b36b0-8.4.0/xtensa-esp32-elf/lib/gcc/xtensa-esp32-elf/8.4.0/crtn.o]
  collapse library dir [/Users/masuidrive/.espressif/tools/xtensa-esp32-elf/esp-2020r3-5-g39b36b0-8.4.0/xtensa-esp32-elf/bin/../lib/gcc/xtensa-esp32-elf/8.4.0] ==> [/Users/masuidrive/.espressif/tools/xtensa-esp32-elf/esp-2020r3-5-g39b36b0-8.4.0/xtensa-esp32-elf/lib/gcc/xtensa-esp32-elf/8.4.0]
  collapse library dir [/Users/masuidrive/.espressif/tools/xtensa-esp32-elf/esp-2020r3-5-g39b36b0-8.4.0/xtensa-esp32-elf/bin/../lib/gcc] ==> [/Users/masuidrive/.espressif/tools/xtensa-esp32-elf/esp-2020r3-5-g39b36b0-8.4.0/xtensa-esp32-elf/lib/gcc]
  collapse library dir [/Users/masuidrive/.espressif/tools/xtensa-esp32-elf/esp-2020r3-5-g39b36b0-8.4.0/xtensa-esp32-elf/bin/../lib/gcc/xtensa-esp32-elf/8.4.0/../../../../xtensa-esp32-elf/lib] ==> [/Users/masuidrive/.espressif/tools/xtensa-esp32-elf/esp-2020r3-5-g39b36b0-8.4.0/xtensa-esp32-elf/xtensa-esp32-elf/lib]
  implicit libs: [gcc;c;nosys;c;gcc]
  implicit objs: [/Users/masuidrive/.espressif/tools/xtensa-esp32-elf/esp-2020r3-5-g39b36b0-8.4.0/xtensa-esp32-elf/xtensa-esp32-elf/lib/crt0.o;/Users/masuidrive/.espressif/tools/xtensa-esp32-elf/esp-2020r3-5-g39b36b0-8.4.0/xtensa-esp32-elf/lib/gcc/xtensa-esp32-elf/8.4.0/crti.o;/Users/masuidrive/.espressif/tools/xtensa-esp32-elf/esp-2020r3-5-g39b36b0-8.4.0/xtensa-esp32-elf/lib/gcc/xtensa-esp32-elf/8.4.0/crtbegin.o;/Users/masuidrive/.espressif/tools/xtensa-esp32-elf/esp-2020r3-5-g39b36b0-8.4.0/xtensa-esp32-elf/lib/gcc/xtensa-esp32-elf/8.4.0/crtend.o;/Users/masuidrive/.espressif/tools/xtensa-esp32-elf/esp-2020r3-5-g39b36b0-8.4.0/xtensa-esp32-elf/lib/gcc/xtensa-esp32-elf/8.4.0/crtn.o]
  implicit dirs: [/Users/masuidrive/.espressif/tools/xtensa-esp32-elf/esp-2020r3-5-g39b36b0-8.4.0/xtensa-esp32-elf/lib/gcc/xtensa-esp32-elf/8.4.0;/Users/masuidrive/.espressif/tools/xtensa-esp32-elf/esp-2020r3-5-g39b36b0-8.4.0/xtensa-esp32-elf/lib/gcc;/Users/masuidrive/.espressif/tools/xtensa-esp32-elf/esp-2020r3-5-g39b36b0-8.4.0/xtensa-esp32-elf/xtensa-esp32-elf/lib]
  implicit fwks: []


Detecting CXX compiler ABI info compiled with the following output:
Change Dir: /Users/masuidrive/Downloads/_19_4_GATT_WRITE/example/build/bootloader/CMakeFiles/CMakeTmp

Run Build Command(s):/opt/homebrew/bin/ninja-build cmTC_7d83a && [1/2] Building CXX object CMakeFiles/cmTC_7d83a.dir/CMakeCXXCompilerABI.cpp.obj
Using built-in specs.
COLLECT_GCC=/Users/masuidrive/.espressif/tools/xtensa-esp32-elf/esp-2020r3-5-g39b36b0-8.4.0/xtensa-esp32-elf/bin/xtensa-esp32-elf-g++
Target: xtensa-esp32-elf
Configured with: /Volumes/ctng/shit/crosstool-NG/.build/xtensa-esp32-elf/src/gcc/configure --build=aarch64-build_apple-darwin20.3.0 --host=aarch64-build_apple-darwin20.3.0 --target=xtensa-esp32-elf --prefix=/Volumes/ctng/shit/crosstool-NG/builds/xtensa-esp32-elf --with-local-prefix=/Volumes/ctng/shit/crosstool-NG/builds/xtensa-esp32-elf/xtensa-esp32-elf --with-headers=/Volumes/ctng/shit/crosstool-NG/builds/xtensa-esp32-elf/xtensa-esp32-elf/include --with-newlib --enable-threads=no --disable-shared --with-pkgversion='crosstool-NG esp-2020r3-5-g39b36b0' --disable-__cxa_atexit --enable-cxx-flags=-ffunction-sections --disable-libgomp --disable-libmudflap --disable-libmpx --disable-libssp --disable-libquadmath --disable-libquadmath-support --with-gmp=/Volumes/ctng/shit/crosstool-NG/.build/xtensa-esp32-elf/buildtools --with-mpfr=/Volumes/ctng/shit/crosstool-NG/.build/xtensa-esp32-elf/buildtools --with-mpc=/Volumes/ctng/shit/crosstool-NG/.build/xtensa-esp32-elf/buildtools --with-isl=/Volumes/ctng/shit/crosstool-NG/.build/xtensa-esp32-elf/buildtools --enable-lto --enable-target-optspace --without-long-double-128 --disable-nls --enable-multiarch --enable-languages=c,c++ --disable-libstdcxx-verbose --enable-threads=posix --enable-gcov-custom-rtio --enable-libstdcxx-time=yes
Thread model: posix
gcc version 8.4.0 (crosstool-NG esp-2020r3-5-g39b36b0) 
COLLECT_GCC_OPTIONS='-mlongcalls' '-Wno-frame-address' '-v' '-o' 'CMakeFiles/cmTC_7d83a.dir/CMakeCXXCompilerABI.cpp.obj' '-c'
 /Users/masuidrive/.espressif/tools/xtensa-esp32-elf/esp-2020r3-5-g39b36b0-8.4.0/xtensa-esp32-elf/bin/../libexec/gcc/xtensa-esp32-elf/8.4.0/cc1plus -quiet -v -iprefix /Users/masuidrive/.espressif/tools/xtensa-esp32-elf/esp-2020r3-5-g39b36b0-8.4.0/xtensa-esp32-elf/bin/../lib/gcc/xtensa-esp32-elf/8.4.0/ /opt/homebrew/Cellar/cmake/3.20.1/share/cmake/Modules/CMakeCXXCompilerABI.cpp -quiet -dumpbase CMakeCXXCompilerABI.cpp -mlongcalls -auxbase-strip CMakeFiles/cmTC_7d83a.dir/CMakeCXXCompilerABI.cpp.obj -Wno-frame-address -version -o /var/folders/x7/2xzsl1d9491gr6ftw_27rq080000gn/T//ccQymdvB.s
GNU C++14 (crosstool-NG esp-2020r3-5-g39b36b0) version 8.4.0 (xtensa-esp32-elf)
	compiled by GNU C version Apple LLVM 12.0.0 (clang-1200.0.32.29), GMP version 6.2.1, MPFR version 4.0.1, MPC version 1.1.0, isl version isl-0.19-GMP

GGC heuristics: --param ggc-min-expand=100 --param ggc-min-heapsize=131072
ignoring duplicate directory "/Users/masuidrive/.espressif/tools/xtensa-esp32-elf/esp-2020r3-5-g39b36b0-8.4.0/xtensa-esp32-elf/bin/../lib/gcc/../../lib/gcc/xtensa-esp32-elf/8.4.0/../../../../xtensa-esp32-elf/include/c++/8.4.0"
ignoring duplicate directory "/Users/masuidrive/.espressif/tools/xtensa-esp32-elf/esp-2020r3-5-g39b36b0-8.4.0/xtensa-esp32-elf/bin/../lib/gcc/../../lib/gcc/xtensa-esp32-elf/8.4.0/../../../../xtensa-esp32-elf/include/c++/8.4.0/xtensa-esp32-elf"
ignoring duplicate directory "/Users/masuidrive/.espressif/tools/xtensa-esp32-elf/esp-2020r3-5-g39b36b0-8.4.0/xtensa-esp32-elf/bin/../lib/gcc/../../lib/gcc/xtensa-esp32-elf/8.4.0/../../../../xtensa-esp32-elf/include/c++/8.4.0/backward"
ignoring duplicate directory "/Users/masuidrive/.espressif/tools/xtensa-esp32-elf/esp-2020r3-5-g39b36b0-8.4.0/xtensa-esp32-elf/bin/../lib/gcc/../../lib/gcc/xtensa-esp32-elf/8.4.0/include"
ignoring duplicate directory "/Users/masuidrive/.espressif/tools/xtensa-esp32-elf/esp-2020r3-5-g39b36b0-8.4.0/xtensa-esp32-elf/bin/../lib/gcc/../../lib/gcc/xtensa-esp32-elf/8.4.0/include-fixed"
ignoring duplicate directory "/Users/masuidrive/.espressif/tools/xtensa-esp32-elf/esp-2020r3-5-g39b36b0-8.4.0/xtensa-esp32-elf/bin/../lib/gcc/../../lib/gcc/xtensa-esp32-elf/8.4.0/../../../../xtensa-esp32-elf/sys-include"
ignoring duplicate directory "/Users/masuidrive/.espressif/tools/xtensa-esp32-elf/esp-2020r3-5-g39b36b0-8.4.0/xtensa-esp32-elf/bin/../lib/gcc/../../lib/gcc/xtensa-esp32-elf/8.4.0/../../../../xtensa-esp32-elf/include"
#include "..." search starts here:
#include <...> search starts here:
 /Users/masuidrive/.espressif/tools/xtensa-esp32-elf/esp-2020r3-5-g39b36b0-8.4.0/xtensa-esp32-elf/bin/../lib/gcc/xtensa-esp32-elf/8.4.0/../../../../xtensa-esp32-elf/include/c++/8.4.0
 /Users/masuidrive/.espressif/tools/xtensa-esp32-elf/esp-2020r3-5-g39b36b0-8.4.0/xtensa-esp32-elf/bin/../lib/gcc/xtensa-esp32-elf/8.4.0/../../../../xtensa-esp32-elf/include/c++/8.4.0/xtensa-esp32-elf
 /Users/masuidrive/.espressif/tools/xtensa-esp32-elf/esp-2020r3-5-g39b36b0-8.4.0/xtensa-esp32-elf/bin/../lib/gcc/xtensa-esp32-elf/8.4.0/../../../../xtensa-esp32-elf/include/c++/8.4.0/backward
 /Users/masuidrive/.espressif/tools/xtensa-esp32-elf/esp-2020r3-5-g39b36b0-8.4.0/xtensa-esp32-elf/bin/../lib/gcc/xtensa-esp32-elf/8.4.0/include
 /Users/masuidrive/.espressif/tools/xtensa-esp32-elf/esp-2020r3-5-g39b36b0-8.4.0/xtensa-esp32-elf/bin/../lib/gcc/xtensa-esp32-elf/8.4.0/include-fixed
 /Users/masuidrive/.espressif/tools/xtensa-esp32-elf/esp-2020r3-5-g39b36b0-8.4.0/xtensa-esp32-elf/bin/../lib/gcc/xtensa-esp32-elf/8.4.0/../../../../xtensa-esp32-elf/sys-include
 /Users/masuidrive/.espressif/tools/xtensa-esp32-elf/esp-2020r3-5-g39b36b0-8.4.0/xtensa-esp32-elf/bin/../lib/gcc/xtensa-esp32-elf/8.4.0/../../../../xtensa-esp32-elf/include
End of search list.
GNU C++14 (crosstool-NG esp-2020r3-5-g39b36b0) version 8.4.0 (xtensa-esp32-elf)
	compiled by GNU C version Apple LLVM 12.0.0 (clang-1200.0.32.29), GMP version 6.2.1, MPFR version 4.0.1, MPC version 1.1.0, isl version isl-0.19-GMP

GGC heuristics: --param ggc-min-expand=100 --param ggc-min-heapsize=131072
Compiler executable checksum: e460883132610b3be660ec738279fbf4
COLLECT_GCC_OPTIONS='-mlongcalls' '-Wno-frame-address' '-v' '-o' 'CMakeFiles/cmTC_7d83a.dir/CMakeCXXCompilerABI.cpp.obj' '-c'
 /Users/masuidrive/.espressif/tools/xtensa-esp32-elf/esp-2020r3-5-g39b36b0-8.4.0/xtensa-esp32-elf/bin/../lib/gcc/xtensa-esp32-elf/8.4.0/../../../../xtensa-esp32-elf/bin/as --traditional-format --longcalls -o CMakeFiles/cmTC_7d83a.dir/CMakeCXXCompilerABI.cpp.obj /var/folders/x7/2xzsl1d9491gr6ftw_27rq080000gn/T//ccQymdvB.s
COMPILER_PATH=/Users/masuidrive/.espressif/tools/xtensa-esp32-elf/esp-2020r3-5-g39b36b0-8.4.0/xtensa-esp32-elf/bin/../libexec/gcc/xtensa-esp32-elf/8.4.0/:/Users/masuidrive/.espressif/tools/xtensa-esp32-elf/esp-2020r3-5-g39b36b0-8.4.0/xtensa-esp32-elf/bin/../libexec/gcc/:/Users/masuidrive/.espressif/tools/xtensa-esp32-elf/esp-2020r3-5-g39b36b0-8.4.0/xtensa-esp32-elf/bin/../lib/gcc/xtensa-esp32-elf/8.4.0/../../../../xtensa-esp32-elf/bin/
LIBRARY_PATH=/Users/masuidrive/.espressif/tools/xtensa-esp32-elf/esp-2020r3-5-g39b36b0-8.4.0/xtensa-esp32-elf/bin/../lib/gcc/xtensa-esp32-elf/8.4.0/:/Users/masuidrive/.espressif/tools/xtensa-esp32-elf/esp-2020r3-5-g39b36b0-8.4.0/xtensa-esp32-elf/bin/../lib/gcc/:/Users/masuidrive/.espressif/tools/xtensa-esp32-elf/esp-2020r3-5-g39b36b0-8.4.0/xtensa-esp32-elf/bin/../lib/gcc/xtensa-esp32-elf/8.4.0/../../../../xtensa-esp32-elf/lib/
COLLECT_GCC_OPTIONS='-mlongcalls' '-Wno-frame-address' '-v' '-o' 'CMakeFiles/cmTC_7d83a.dir/CMakeCXXCompilerABI.cpp.obj' '-c'
[2/2] Linking CXX executable cmTC_7d83a
Using built-in specs.
COLLECT_GCC=/Users/masuidrive/.espressif/tools/xtensa-esp32-elf/esp-2020r3-5-g39b36b0-8.4.0/xtensa-esp32-elf/bin/xtensa-esp32-elf-g++
COLLECT_LTO_WRAPPER=/Users/masuidrive/.espressif/tools/xtensa-esp32-elf/esp-2020r3-5-g39b36b0-8.4.0/xtensa-esp32-elf/bin/../libexec/gcc/xtensa-esp32-elf/8.4.0/lto-wrapper
Target: xtensa-esp32-elf
Configured with: /Volumes/ctng/shit/crosstool-NG/.build/xtensa-esp32-elf/src/gcc/configure --build=aarch64-build_apple-darwin20.3.0 --host=aarch64-build_apple-darwin20.3.0 --target=xtensa-esp32-elf --prefix=/Volumes/ctng/shit/crosstool-NG/builds/xtensa-esp32-elf --with-local-prefix=/Volumes/ctng/shit/crosstool-NG/builds/xtensa-esp32-elf/xtensa-esp32-elf --with-headers=/Volumes/ctng/shit/crosstool-NG/builds/xtensa-esp32-elf/xtensa-esp32-elf/include --with-newlib --enable-threads=no --disable-shared --with-pkgversion='crosstool-NG esp-2020r3-5-g39b36b0' --disable-__cxa_atexit --enable-cxx-flags=-ffunction-sections --disable-libgomp --disable-libmudflap --disable-libmpx --disable-libssp --disable-libquadmath --disable-libquadmath-support --with-gmp=/Volumes/ctng/shit/crosstool-NG/.build/xtensa-esp32-elf/buildtools --with-mpfr=/Volumes/ctng/shit/crosstool-NG/.build/xtensa-esp32-elf/buildtools --with-mpc=/Volumes/ctng/shit/crosstool-NG/.build/xtensa-esp32-elf/buildtools --with-isl=/Volumes/ctng/shit/crosstool-NG/.build/xtensa-esp32-elf/buildtools --enable-lto --enable-target-optspace --without-long-double-128 --disable-nls --enable-multiarch --enable-languages=c,c++ --disable-libstdcxx-verbose --enable-threads=posix --enable-gcov-custom-rtio --enable-libstdcxx-time=yes
Thread model: posix
gcc version 8.4.0 (crosstool-NG esp-2020r3-5-g39b36b0) 
COMPILER_PATH=/Users/masuidrive/.espressif/tools/xtensa-esp32-elf/esp-2020r3-5-g39b36b0-8.4.0/xtensa-esp32-elf/bin/../libexec/gcc/xtensa-esp32-elf/8.4.0/:/Users/masuidrive/.espressif/tools/xtensa-esp32-elf/esp-2020r3-5-g39b36b0-8.4.0/xtensa-esp32-elf/bin/../libexec/gcc/:/Users/masuidrive/.espressif/tools/xtensa-esp32-elf/esp-2020r3-5-g39b36b0-8.4.0/xtensa-esp32-elf/bin/../lib/gcc/xtensa-esp32-elf/8.4.0/../../../../xtensa-esp32-elf/bin/
LIBRARY_PATH=/Users/masuidrive/.espressif/tools/xtensa-esp32-elf/esp-2020r3-5-g39b36b0-8.4.0/xtensa-esp32-elf/bin/../lib/gcc/xtensa-esp32-elf/8.4.0/:/Users/masuidrive/.espressif/tools/xtensa-esp32-elf/esp-2020r3-5-g39b36b0-8.4.0/xtensa-esp32-elf/bin/../lib/gcc/:/Users/masuidrive/.espressif/tools/xtensa-esp32-elf/esp-2020r3-5-g39b36b0-8.4.0/xtensa-esp32-elf/bin/../lib/gcc/xtensa-esp32-elf/8.4.0/../../../../xtensa-esp32-elf/lib/
COLLECT_GCC_OPTIONS='-mlongcalls' '-Wno-frame-address' '-v' '-o' 'cmTC_7d83a'
 /Users/masuidrive/.espressif/tools/xtensa-esp32-elf/esp-2020r3-5-g39b36b0-8.4.0/xtensa-esp32-elf/bin/../libexec/gcc/xtensa-esp32-elf/8.4.0/collect2 -plugin /Users/masuidrive/.espressif/tools/xtensa-esp32-elf/esp-2020r3-5-g39b36b0-8.4.0/xtensa-esp32-elf/bin/../libexec/gcc/xtensa-esp32-elf/8.4.0/liblto_plugin.so -plugin-opt=/Users/masuidrive/.espressif/tools/xtensa-esp32-elf/esp-2020r3-5-g39b36b0-8.4.0/xtensa-esp32-elf/bin/../libexec/gcc/xtensa-esp32-elf/8.4.0/lto-wrapper -plugin-opt=-fresolution=/var/folders/x7/2xzsl1d9491gr6ftw_27rq080000gn/T//ccbLnI8k.res -plugin-opt=-pass-through=-lgcc -plugin-opt=-pass-through=-lc -plugin-opt=-pass-through=-lnosys -plugin-opt=-pass-through=-lc -plugin-opt=-pass-through=-lgcc -o cmTC_7d83a /Users/masuidrive/.espressif/tools/xtensa-esp32-elf/esp-2020r3-5-g39b36b0-8.4.0/xtensa-esp32-elf/bin/../lib/gcc/xtensa-esp32-elf/8.4.0/../../../../xtensa-esp32-elf/lib/crt0.o /Users/masuidrive/.espressif/tools/xtensa-esp32-elf/esp-2020r3-5-g39b36b0-8.4.0/xtensa-esp32-elf/bin/../lib/gcc/xtensa-esp32-elf/8.4.0/crti.o /Users/masuidrive/.espressif/tools/xtensa-esp32-elf/esp-2020r3-5-g39b36b0-8.4.0/xtensa-esp32-elf/bin/../lib/gcc/xtensa-esp32-elf/8.4.0/crtbegin.o -L/Users/masuidrive/.espressif/tools/xtensa-esp32-elf/esp-2020r3-5-g39b36b0-8.4.0/xtensa-esp32-elf/bin/../lib/gcc/xtensa-esp32-elf/8.4.0 -L/Users/masuidrive/.espressif/tools/xtensa-esp32-elf/esp-2020r3-5-g39b36b0-8.4.0/xtensa-esp32-elf/bin/../lib/gcc -L/Users/masuidrive/.espressif/tools/xtensa-esp32-elf/esp-2020r3-5-g39b36b0-8.4.0/xtensa-esp32-elf/bin/../lib/gcc/xtensa-esp32-elf/8.4.0/../../../../xtensa-esp32-elf/lib CMakeFiles/cmTC_7d83a.dir/CMakeCXXCompilerABI.cpp.obj -lstdc++ -lm -lgcc -lc -lnosys -lc -lgcc /Users/masuidrive/.espressif/tools/xtensa-esp32-elf/esp-2020r3-5-g39b36b0-8.4.0/xtensa-esp32-elf/bin/../lib/gcc/xtensa-esp32-elf/8.4.0/crtend.o /Users/masuidrive/.espressif/tools/xtensa-esp32-elf/esp-2020r3-5-g39b36b0-8.4.0/xtensa-esp32-elf/bin/../lib/gcc/xtensa-esp32-elf/8.4.0/crtn.o
COLLECT_GCC_OPTIONS='-mlongcalls' '-Wno-frame-address' '-v' '-o' 'cmTC_7d83a'



Parsed CXX implicit include dir info from above output: rv=done
  found start of include info
  found start of implicit include info
    add: [/Users/masuidrive/.espressif/tools/xtensa-esp32-elf/esp-2020r3-5-g39b36b0-8.4.0/xtensa-esp32-elf/bin/../lib/gcc/xtensa-esp32-elf/8.4.0/../../../../xtensa-esp32-elf/include/c++/8.4.0]
    add: [/Users/masuidrive/.espressif/tools/xtensa-esp32-elf/esp-2020r3-5-g39b36b0-8.4.0/xtensa-esp32-elf/bin/../lib/gcc/xtensa-esp32-elf/8.4.0/../../../../xtensa-esp32-elf/include/c++/8.4.0/xtensa-esp32-elf]
    add: [/Users/masuidrive/.espressif/tools/xtensa-esp32-elf/esp-2020r3-5-g39b36b0-8.4.0/xtensa-esp32-elf/bin/../lib/gcc/xtensa-esp32-elf/8.4.0/../../../../xtensa-esp32-elf/include/c++/8.4.0/backward]
    add: [/Users/masuidrive/.espressif/tools/xtensa-esp32-elf/esp-2020r3-5-g39b36b0-8.4.0/xtensa-esp32-elf/bin/../lib/gcc/xtensa-esp32-elf/8.4.0/include]
    add: [/Users/masuidrive/.espressif/tools/xtensa-esp32-elf/esp-2020r3-5-g39b36b0-8.4.0/xtensa-esp32-elf/bin/../lib/gcc/xtensa-esp32-elf/8.4.0/include-fixed]
    add: [/Users/masuidrive/.espressif/tools/xtensa-esp32-elf/esp-2020r3-5-g39b36b0-8.4.0/xtensa-esp32-elf/bin/../lib/gcc/xtensa-esp32-elf/8.4.0/../../../../xtensa-esp32-elf/sys-include]
    add: [/Users/masuidrive/.espressif/tools/xtensa-esp32-elf/esp-2020r3-5-g39b36b0-8.4.0/xtensa-esp32-elf/bin/../lib/gcc/xtensa-esp32-elf/8.4.0/../../../../xtensa-esp32-elf/include]
  end of search list found
  collapse include dir [/Users/masuidrive/.espressif/tools/xtensa-esp32-elf/esp-2020r3-5-g39b36b0-8.4.0/xtensa-esp32-elf/bin/../lib/gcc/xtensa-esp32-elf/8.4.0/../../../../xtensa-esp32-elf/include/c++/8.4.0] ==> [/Users/masuidrive/.espressif/tools/xtensa-esp32-elf/esp-2020r3-5-g39b36b0-8.4.0/xtensa-esp32-elf/xtensa-esp32-elf/include/c++/8.4.0]
  collapse include dir [/Users/masuidrive/.espressif/tools/xtensa-esp32-elf/esp-2020r3-5-g39b36b0-8.4.0/xtensa-esp32-elf/bin/../lib/gcc/xtensa-esp32-elf/8.4.0/../../../../xtensa-esp32-elf/include/c++/8.4.0/xtensa-esp32-elf] ==> [/Users/masuidrive/.espressif/tools/xtensa-esp32-elf/esp-2020r3-5-g39b36b0-8.4.0/xtensa-esp32-elf/xtensa-esp32-elf/include/c++/8.4.0/xtensa-esp32-elf]
  collapse include dir [/Users/masuidrive/.espressif/tools/xtensa-esp32-elf/esp-2020r3-5-g39b36b0-8.4.0/xtensa-esp32-elf/bin/../lib/gcc/xtensa-esp32-elf/8.4.0/../../../../xtensa-esp32-elf/include/c++/8.4.0/backward] ==> [/Users/masuidrive/.espressif/tools/xtensa-esp32-elf/esp-2020r3-5-g39b36b0-8.4.0/xtensa-esp32-elf/xtensa-esp32-elf/include/c++/8.4.0/backward]
  collapse include dir [/Users/masuidrive/.espressif/tools/xtensa-esp32-elf/esp-2020r3-5-g39b36b0-8.4.0/xtensa-esp32-elf/bin/../lib/gcc/xtensa-esp32-elf/8.4.0/include] ==> [/Users/masuidrive/.espressif/tools/xtensa-esp32-elf/esp-2020r3-5-g39b36b0-8.4.0/xtensa-esp32-elf/lib/gcc/xtensa-esp32-elf/8.4.0/include]
  collapse include dir [/Users/masuidrive/.espressif/tools/xtensa-esp32-elf/esp-2020r3-5-g39b36b0-8.4.0/xtensa-esp32-elf/bin/../lib/gcc/xtensa-esp32-elf/8.4.0/include-fixed] ==> [/Users/masuidrive/.espressif/tools/xtensa-esp32-elf/esp-2020r3-5-g39b36b0-8.4.0/xtensa-esp32-elf/lib/gcc/xtensa-esp32-elf/8.4.0/include-fixed]
  collapse include dir [/Users/masuidrive/.espressif/tools/xtensa-esp32-elf/esp-2020r3-5-g39b36b0-8.4.0/xtensa-esp32-elf/bin/../lib/gcc/xtensa-esp32-elf/8.4.0/../../../../xtensa-esp32-elf/sys-include] ==> [/Users/masuidrive/.espressif/tools/xtensa-esp32-elf/esp-2020r3-5-g39b36b0-8.4.0/xtensa-esp32-elf/xtensa-esp32-elf/sys-include]
  collapse include dir [/Users/masuidrive/.espressif/tools/xtensa-esp32-elf/esp-2020r3-5-g39b36b0-8.4.0/xtensa-esp32-elf/bin/../lib/gcc/xtensa-esp32-elf/8.4.0/../../../../xtensa-esp32-elf/include] ==> [/Users/masuidrive/.espressif/tools/xtensa-esp32-elf/esp-2020r3-5-g39b36b0-8.4.0/xtensa-esp32-elf/xtensa-esp32-elf/include]
  implicit include dirs: [/Users/masuidrive/.espressif/tools/xtensa-esp32-elf/esp-2020r3-5-g39b36b0-8.4.0/xtensa-esp32-elf/xtensa-esp32-elf/include/c++/8.4.0;/Users/masuidrive/.espressif/tools/xtensa-esp32-elf/esp-2020r3-5-g39b36b0-8.4.0/xtensa-esp32-elf/xtensa-esp32-elf/include/c++/8.4.0/xtensa-esp32-elf;/Users/masuidrive/.espressif/tools/xtensa-esp32-elf/esp-2020r3-5-g39b36b0-8.4.0/xtensa-esp32-elf/xtensa-esp32-elf/include/c++/8.4.0/backward;/Users/masuidrive/.espressif/tools/xtensa-esp32-elf/esp-2020r3-5-g39b36b0-8.4.0/xtensa-esp32-elf/lib/gcc/xtensa-esp32-elf/8.4.0/include;/Users/masuidrive/.espressif/tools/xtensa-esp32-elf/esp-2020r3-5-g39b36b0-8.4.0/xtensa-esp32-elf/lib/gcc/xtensa-esp32-elf/8.4.0/include-fixed;/Users/masuidrive/.espressif/tools/xtensa-esp32-elf/esp-2020r3-5-g39b36b0-8.4.0/xtensa-esp32-elf/xtensa-esp32-elf/sys-include;/Users/masuidrive/.espressif/tools/xtensa-esp32-elf/esp-2020r3-5-g39b36b0-8.4.0/xtensa-esp32-elf/xtensa-esp32-elf/include]


Parsed CXX implicit link information from above output:
  link line regex: [^( *|.*[/\])(xtensa-esp32-elf-ld|CMAKE_LINK_STARTFILE-NOTFOUND|([^/\]+-)?ld|collect2)[^/\]*( |$)]
  ignore line: [Change Dir: /Users/masuidrive/Downloads/_19_4_GATT_WRITE/example/build/bootloader/CMakeFiles/CMakeTmp]
  ignore line: []
  ignore line: [Run Build Command(s):/opt/homebrew/bin/ninja-build cmTC_7d83a && [1/2] Building CXX object CMakeFiles/cmTC_7d83a.dir/CMakeCXXCompilerABI.cpp.obj]
  ignore line: [Using built-in specs.]
  ignore line: [COLLECT_GCC=/Users/masuidrive/.espressif/tools/xtensa-esp32-elf/esp-2020r3-5-g39b36b0-8.4.0/xtensa-esp32-elf/bin/xtensa-esp32-elf-g++]
  ignore line: [Target: xtensa-esp32-elf]
  ignore line: [Configured with: /Volumes/ctng/shit/crosstool-NG/.build/xtensa-esp32-elf/src/gcc/configure --build=aarch64-build_apple-darwin20.3.0 --host=aarch64-build_apple-darwin20.3.0 --target=xtensa-esp32-elf --prefix=/Volumes/ctng/shit/crosstool-NG/builds/xtensa-esp32-elf --with-local-prefix=/Volumes/ctng/shit/crosstool-NG/builds/xtensa-esp32-elf/xtensa-esp32-elf --with-headers=/Volumes/ctng/shit/crosstool-NG/builds/xtensa-esp32-elf/xtensa-esp32-elf/include --with-newlib --enable-threads=no --disable-shared --with-pkgversion='crosstool-NG esp-2020r3-5-g39b36b0' --disable-__cxa_atexit --enable-cxx-flags=-ffunction-sections --disable-libgomp --disable-libmudflap --disable-libmpx --disable-libssp --disable-libquadmath --disable-libquadmath-support --with-gmp=/Volumes/ctng/shit/crosstool-NG/.build/xtensa-esp32-elf/buildtools --with-mpfr=/Volumes/ctng/shit/crosstool-NG/.build/xtensa-esp32-elf/buildtools --with-mpc=/Volumes/ctng/shit/crosstool-NG/.build/xtensa-esp32-elf/buildtools --with-isl=/Volumes/ctng/shit/crosstool-NG/.build/xtensa-esp32-elf/buildtools --enable-lto --enable-target-optspace --without-long-double-128 --disable-nls --enable-multiarch --enable-languages=c c++ --disable-libstdcxx-verbose --enable-threads=posix --enable-gcov-custom-rtio --enable-libstdcxx-time=yes]
  ignore line: [Thread model: posix]
  ignore line: [gcc version 8.4.0 (crosstool-NG esp-2020r3-5-g39b36b0) ]
  ignore line: [COLLECT_GCC_OPTIONS='-mlongcalls' '-Wno-frame-address' '-v' '-o' 'CMakeFiles/cmTC_7d83a.dir/CMakeCXXCompilerABI.cpp.obj' '-c']
  ignore line: [ /Users/masuidrive/.espressif/tools/xtensa-esp32-elf/esp-2020r3-5-g39b36b0-8.4.0/xtensa-esp32-elf/bin/../libexec/gcc/xtensa-esp32-elf/8.4.0/cc1plus -quiet -v -iprefix /Users/masuidrive/.espressif/tools/xtensa-esp32-elf/esp-2020r3-5-g39b36b0-8.4.0/xtensa-esp32-elf/bin/../lib/gcc/xtensa-esp32-elf/8.4.0/ /opt/homebrew/Cellar/cmake/3.20.1/share/cmake/Modules/CMakeCXXCompilerABI.cpp -quiet -dumpbase CMakeCXXCompilerABI.cpp -mlongcalls -auxbase-strip CMakeFiles/cmTC_7d83a.dir/CMakeCXXCompilerABI.cpp.obj -Wno-frame-address -version -o /var/folders/x7/2xzsl1d9491gr6ftw_27rq080000gn/T//ccQymdvB.s]
  ignore line: [GNU C++14 (crosstool-NG esp-2020r3-5-g39b36b0) version 8.4.0 (xtensa-esp32-elf)]
  ignore line: [	compiled by GNU C version Apple LLVM 12.0.0 (clang-1200.0.32.29)  GMP version 6.2.1  MPFR version 4.0.1  MPC version 1.1.0  isl version isl-0.19-GMP]
  ignore line: []
  ignore line: [GGC heuristics: --param ggc-min-expand=100 --param ggc-min-heapsize=131072]
  ignore line: [ignoring duplicate directory "/Users/masuidrive/.espressif/tools/xtensa-esp32-elf/esp-2020r3-5-g39b36b0-8.4.0/xtensa-esp32-elf/bin/../lib/gcc/../../lib/gcc/xtensa-esp32-elf/8.4.0/../../../../xtensa-esp32-elf/include/c++/8.4.0"]
  ignore line: [ignoring duplicate directory "/Users/masuidrive/.espressif/tools/xtensa-esp32-elf/esp-2020r3-5-g39b36b0-8.4.0/xtensa-esp32-elf/bin/../lib/gcc/../../lib/gcc/xtensa-esp32-elf/8.4.0/../../../../xtensa-esp32-elf/include/c++/8.4.0/xtensa-esp32-elf"]
  ignore line: [ignoring duplicate directory "/Users/masuidrive/.espressif/tools/xtensa-esp32-elf/esp-2020r3-5-g39b36b0-8.4.0/xtensa-esp32-elf/bin/../lib/gcc/../../lib/gcc/xtensa-esp32-elf/8.4.0/../../../../xtensa-esp32-elf/include/c++/8.4.0/backward"]
  ignore line: [ignoring duplicate directory "/Users/masuidrive/.espressif/tools/xtensa-esp32-elf/esp-2020r3-5-g39b36b0-8.4.0/xtensa-esp32-elf/bin/../lib/gcc/../../lib/gcc/xtensa-esp32-elf/8.4.0/include"]
  ignore line: [ignoring duplicate directory "/Users/masuidrive/.espressif/tools/xtensa-esp32-elf/esp-2020r3-5-g39b36b0-8.4.0/xtensa-esp32-elf/bin/../lib/gcc/../../lib/gcc/xtensa-esp32-elf/8.4.0/include-fixed"]
  ignore line: [ignoring duplicate directory "/Users/masuidrive/.espressif/tools/xtensa-esp32-elf/esp-2020r3-5-g39b36b0-8.4.0/xtensa-esp32-elf/bin/../lib/gcc/../../lib/gcc/xtensa-esp32-elf/8.4.0/../../../../xtensa-esp32-elf/sys-include"]
  ignore line: [ignoring duplicate directory "/Users/masuidrive/.espressif/tools/xtensa-esp32-elf/esp-2020r3-5-g39b36b0-8.4.0/xtensa-esp32-elf/bin/../lib/gcc/../../lib/gcc/xtensa-esp32-elf/8.4.0/../../../../xtensa-esp32-elf/include"]
  ignore line: [#include "..." search starts here:]
  ignore line: [#include <...> search starts here:]
  ignore line: [ /Users/masuidrive/.espressif/tools/xtensa-esp32-elf/esp-2020r3-5-g39b36b0-8.4.0/xtensa-esp32-elf/bin/../lib/gcc/xtensa-esp32-elf/8.4.0/../../../../xtensa-esp32-elf/include/c++/8.4.0]
  ignore line: [ /Users/masuidrive/.espressif/tools/xtensa-esp32-elf/esp-2020r3-5-g39b36b0-8.4.0/xtensa-esp32-elf/bin/../lib/gcc/xtensa-esp32-elf/8.4.0/../../../../xtensa-esp32-elf/include/c++/8.4.0/xtensa-esp32-elf]
  ignore line: [ /Users/masuidrive/.espressif/tools/xtensa-esp32-elf/esp-2020r3-5-g39b36b0-8.4.0/xtensa-esp32-elf/bin/../lib/gcc/xtensa-esp32-elf/8.4.0/../../../../xtensa-esp32-elf/include/c++/8.4.0/backward]
  ignore line: [ /Users/masuidrive/.espressif/tools/xtensa-esp32-elf/esp-2020r3-5-g39b36b0-8.4.0/xtensa-esp32-elf/bin/../lib/gcc/xtensa-esp32-elf/8.4.0/include]
  ignore line: [ /Users/masuidrive/.espressif/tools/xtensa-esp32-elf/esp-2020r3-5-g39b36b0-8.4.0/xtensa-esp32-elf/bin/../lib/gcc/xtensa-esp32-elf/8.4.0/include-fixed]
  ignore line: [ /Users/masuidrive/.espressif/tools/xtensa-esp32-elf/esp-2020r3-5-g39b36b0-8.4.0/xtensa-esp32-elf/bin/../lib/gcc/xtensa-esp32-elf/8.4.0/../../../../xtensa-esp32-elf/sys-include]
  ignore line: [ /Users/masuidrive/.espressif/tools/xtensa-esp32-elf/esp-2020r3-5-g39b36b0-8.4.0/xtensa-esp32-elf/bin/../lib/gcc/xtensa-esp32-elf/8.4.0/../../../../xtensa-esp32-elf/include]
  ignore line: [End of search list.]
  ignore line: [GNU C++14 (crosstool-NG esp-2020r3-5-g39b36b0) version 8.4.0 (xtensa-esp32-elf)]
  ignore line: [	compiled by GNU C version Apple LLVM 12.0.0 (clang-1200.0.32.29)  GMP version 6.2.1  MPFR version 4.0.1  MPC version 1.1.0  isl version isl-0.19-GMP]
  ignore line: []
  ignore line: [GGC heuristics: --param ggc-min-expand=100 --param ggc-min-heapsize=131072]
  ignore line: [Compiler executable checksum: e460883132610b3be660ec738279fbf4]
  ignore line: [COLLECT_GCC_OPTIONS='-mlongcalls' '-Wno-frame-address' '-v' '-o' 'CMakeFiles/cmTC_7d83a.dir/CMakeCXXCompilerABI.cpp.obj' '-c']
  ignore line: [ /Users/masuidrive/.espressif/tools/xtensa-esp32-elf/esp-2020r3-5-g39b36b0-8.4.0/xtensa-esp32-elf/bin/../lib/gcc/xtensa-esp32-elf/8.4.0/../../../../xtensa-esp32-elf/bin/as --traditional-format --longcalls -o CMakeFiles/cmTC_7d83a.dir/CMakeCXXCompilerABI.cpp.obj /var/folders/x7/2xzsl1d9491gr6ftw_27rq080000gn/T//ccQymdvB.s]
  ignore line: [COMPILER_PATH=/Users/masuidrive/.espressif/tools/xtensa-esp32-elf/esp-2020r3-5-g39b36b0-8.4.0/xtensa-esp32-elf/bin/../libexec/gcc/xtensa-esp32-elf/8.4.0/:/Users/masuidrive/.espressif/tools/xtensa-esp32-elf/esp-2020r3-5-g39b36b0-8.4.0/xtensa-esp32-elf/bin/../libexec/gcc/:/Users/masuidrive/.espressif/tools/xtensa-esp32-elf/esp-2020r3-5-g39b36b0-8.4.0/xtensa-esp32-elf/bin/../lib/gcc/xtensa-esp32-elf/8.4.0/../../../../xtensa-esp32-elf/bin/]
  ignore line: [LIBRARY_PATH=/Users/masuidrive/.espressif/tools/xtensa-esp32-elf/esp-2020r3-5-g39b36b0-8.4.0/xtensa-esp32-elf/bin/../lib/gcc/xtensa-esp32-elf/8.4.0/:/Users/masuidrive/.espressif/tools/xtensa-esp32-elf/esp-2020r3-5-g39b36b0-8.4.0/xtensa-esp32-elf/bin/../lib/gcc/:/Users/masuidrive/.espressif/tools/xtensa-esp32-elf/esp-2020r3-5-g39b36b0-8.4.0/xtensa-esp32-elf/bin/../lib/gcc/xtensa-esp32-elf/8.4.0/../../../../xtensa-esp32-elf/lib/]
  ignore line: [COLLECT_GCC_OPTIONS='-mlongcalls' '-Wno-frame-address' '-v' '-o' 'CMakeFiles/cmTC_7d83a.dir/CMakeCXXCompilerABI.cpp.obj' '-c']
  ignore line: [[2/2] Linking CXX executable cmTC_7d83a]
  ignore line: [Using built-in specs.]
  ignore line: [COLLECT_GCC=/Users/masuidrive/.espressif/tools/xtensa-esp32-elf/esp-2020r3-5-g39b36b0-8.4.0/xtensa-esp32-elf/bin/xtensa-esp32-elf-g++]
  ignore line: [COLLECT_LTO_WRAPPER=/Users/masuidrive/.espressif/tools/xtensa-esp32-elf/esp-2020r3-5-g39b36b0-8.4.0/xtensa-esp32-elf/bin/../libexec/gcc/xtensa-esp32-elf/8.4.0/lto-wrapper]
  ignore line: [Target: xtensa-esp32-elf]
  ignore line: [Configured with: /Volumes/ctng/shit/crosstool-NG/.build/xtensa-esp32-elf/src/gcc/configure --build=aarch64-build_apple-darwin20.3.0 --host=aarch64-build_apple-darwin20.3.0 --target=xtensa-esp32-elf --prefix=/Volumes/ctng/shit/crosstool-NG/builds/xtensa-esp32-elf --with-local-prefix=/Volumes/ctng/shit/crosstool-NG/builds/xtensa-esp32-elf/xtensa-esp32-elf --with-headers=/Volumes/ctng/shit/crosstool-NG/builds/xtensa-esp32-elf/xtensa-esp32-elf/include --with-newlib --enable-threads=no --disable-shared --with-pkgversion='crosstool-NG esp-2020r3-5-g39b36b0' --disable-__cxa_atexit --enable-cxx-flags=-ffunction-sections --disable-libgomp --disable-libmudflap --disable-libmpx --disable-libssp --disable-libquadmath --disable-libquadmath-support --with-gmp=/Volumes/ctng/shit/crosstool-NG/.build/xtensa-esp32-elf/buildtools --with-mpfr=/Volumes/ctng/shit/crosstool-NG/.build/xtensa-esp32-elf/buildtools --with-mpc=/Volumes/ctng/shit/crosstool-NG/.build/xtensa-esp32-elf/buildtools --with-isl=/Volumes/ctng/shit/crosstool-NG/.build/xtensa-esp32-elf/buildtools --enable-lto --enable-target-optspace --without-long-double-128 --disable-nls --enable-multiarch --enable-languages=c c++ --disable-libstdcxx-verbose --enable-threads=posix --enable-gcov-custom-rtio --enable-libstdcxx-time=yes]
  ignore line: [Thread model: posix]
  ignore line: [gcc version 8.4.0 (crosstool-NG esp-2020r3-5-g39b36b0) ]
  ignore line: [COMPILER_PATH=/Users/masuidrive/.espressif/tools/xtensa-esp32-elf/esp-2020r3-5-g39b36b0-8.4.0/xtensa-esp32-elf/bin/../libexec/gcc/xtensa-esp32-elf/8.4.0/:/Users/masuidrive/.espressif/tools/xtensa-esp32-elf/esp-2020r3-5-g39b36b0-8.4.0/xtensa-esp32-elf/bin/../libexec/gcc/:/Users/masuidrive/.espressif/tools/xtensa-esp32-elf/esp-2020r3-5-g39b36b0-8.4.0/xtensa-esp32-elf/bin/../lib/gcc/xtensa-esp32-elf/8.4.0/../../../../xtensa-esp32-elf/bin/]
  ignore line: [LIBRARY_PATH=/Users/masuidrive/.espressif/tools/xtensa-esp32-elf/esp-2020r3-5-g39b36b0-8.4.0/xtensa-esp32-elf/bin/../lib/gcc/xtensa-esp32-elf/8.4.0/:/Users/masuidrive/.espressif/tools/xtensa-esp32-elf/esp-2020r3-5-g39b36b0-8.4.0/xtensa-esp32-elf/bin/../lib/gcc/:/Users/masuidrive/.espressif/tools/xtensa-esp32-elf/esp-2020r3-5-g39b36b0-8.4.0/xtensa-esp32-elf/bin/../lib/gcc/xtensa-esp32-elf/8.4.0/../../../../xtensa-esp32-elf/lib/]
  ignore line: [COLLECT_GCC_OPTIONS='-mlongcalls' '-Wno-frame-address' '-v' '-o' 'cmTC_7d83a']
  link line: [ /Users/masuidrive/.espressif/tools/xtensa-esp32-elf/esp-2020r3-5-g39b36b0-8.4.0/xtensa-esp32-elf/bin/../libexec/gcc/xtensa-esp32-elf/8.4.0/collect2 -plugin /Users/masuidrive/.espressif/tools/xtensa-esp32-elf/esp-2020r3-5-g39b36b0-8.4.0/xtensa-esp32-elf/bin/../libexec/gcc/xtensa-esp32-elf/8.4.0/liblto_plugin.so -plugin-opt=/Users/masuidrive/.espressif/tools/xtensa-esp32-elf/esp-2020r3-5-g39b36b0-8.4.0/xtensa-esp32-elf/bin/../libexec/gcc/xtensa-esp32-elf/8.4.0/lto-wrapper -plugin-opt=-fresolution=/var/folders/x7/2xzsl1d9491gr6ftw_27rq080000gn/T//ccbLnI8k.res -plugin-opt=-pass-through=-lgcc -plugin-opt=-pass-through=-lc -plugin-opt=-pass-through=-lnosys -plugin-opt=-pass-through=-lc -plugin-opt=-pass-through=-lgcc -o cmTC_7d83a /Users/masuidrive/.espressif/tools/xtensa-esp32-elf/esp-2020r3-5-g39b36b0-8.4.0/xtensa-esp32-elf/bin/../lib/gcc/xtensa-esp32-elf/8.4.0/../../../../xtensa-esp32-elf/lib/crt0.o /Users/masuidrive/.espressif/tools/xtensa-esp32-elf/esp-2020r3-5-g39b36b0-8.4.0/xtensa-esp32-elf/bin/../lib/gcc/xtensa-esp32-elf/8.4.0/crti.o /Users/masuidrive/.espressif/tools/xtensa-esp32-elf/esp-2020r3-5-g39b36b0-8.4.0/xtensa-esp32-elf/bin/../lib/gcc/xtensa-esp32-elf/8.4.0/crtbegin.o -L/Users/masuidrive/.espressif/tools/xtensa-esp32-elf/esp-2020r3-5-g39b36b0-8.4.0/xtensa-esp32-elf/bin/../lib/gcc/xtensa-esp32-elf/8.4.0 -L/Users/masuidrive/.espressif/tools/xtensa-esp32-elf/esp-2020r3-5-g39b36b0-8.4.0/xtensa-esp32-elf/bin/../lib/gcc -L/Users/masuidrive/.espressif/tools/xtensa-esp32-elf/esp-2020r3-5-g39b36b0-8.4.0/xtensa-esp32-elf/bin/../lib/gcc/xtensa-esp32-elf/8.4.0/../../../../xtensa-esp32-elf/lib CMakeFiles/cmTC_7d83a.dir/CMakeCXXCompilerABI.cpp.obj -lstdc++ -lm -lgcc -lc -lnosys -lc -lgcc /Users/masuidrive/.espressif/tools/xtensa-esp32-elf/esp-2020r3-5-g39b36b0-8.4.0/xtensa-esp32-elf/bin/../lib/gcc/xtensa-esp32-elf/8.4.0/crtend.o /Users/masuidrive/.espressif/tools/xtensa-esp32-elf/esp-2020r3-5-g39b36b0-8.4.0/xtensa-esp32-elf/bin/../lib/gcc/xtensa-esp32-elf/8.4.0/crtn.o]
    arg [/Users/masuidrive/.espressif/tools/xtensa-esp32-elf/esp-2020r3-5-g39b36b0-8.4.0/xtensa-esp32-elf/bin/../libexec/gcc/xtensa-esp32-elf/8.4.0/collect2] ==> ignore
    arg [-plugin] ==> ignore
    arg [/Users/masuidrive/.espressif/tools/xtensa-esp32-elf/esp-2020r3-5-g39b36b0-8.4.0/xtensa-esp32-elf/bin/../libexec/gcc/xtensa-esp32-elf/8.4.0/liblto_plugin.so] ==> ignore
    arg [-plugin-opt=/Users/masuidrive/.espressif/tools/xtensa-esp32-elf/esp-2020r3-5-g39b36b0-8.4.0/xtensa-esp32-elf/bin/../libexec/gcc/xtensa-esp32-elf/8.4.0/lto-wrapper] ==> ignore
    arg [-plugin-opt=-fresolution=/var/folders/x7/2xzsl1d9491gr6ftw_27rq080000gn/T//ccbLnI8k.res] ==> ignore
    arg [-plugin-opt=-pass-through=-lgcc] ==> ignore
    arg [-plugin-opt=-pass-through=-lc] ==> ignore
    arg [-plugin-opt=-pass-through=-lnosys] ==> ignore
    arg [-plugin-opt=-pass-through=-lc] ==> ignore
    arg [-plugin-opt=-pass-through=-lgcc] ==> ignore
    arg [-o] ==> ignore
    arg [cmTC_7d83a] ==> ignore
    arg [/Users/masuidrive/.espressif/tools/xtensa-esp32-elf/esp-2020r3-5-g39b36b0-8.4.0/xtensa-esp32-elf/bin/../lib/gcc/xtensa-esp32-elf/8.4.0/../../../../xtensa-esp32-elf/lib/crt0.o] ==> obj [/Users/masuidrive/.espressif/tools/xtensa-esp32-elf/esp-2020r3-5-g39b36b0-8.4.0/xtensa-esp32-elf/bin/../lib/gcc/xtensa-esp32-elf/8.4.0/../../../../xtensa-esp32-elf/lib/crt0.o]
    arg [/Users/masuidrive/.espressif/tools/xtensa-esp32-elf/esp-2020r3-5-g39b36b0-8.4.0/xtensa-esp32-elf/bin/../lib/gcc/xtensa-esp32-elf/8.4.0/crti.o] ==> obj [/Users/masuidrive/.espressif/tools/xtensa-esp32-elf/esp-2020r3-5-g39b36b0-8.4.0/xtensa-esp32-elf/bin/../lib/gcc/xtensa-esp32-elf/8.4.0/crti.o]
    arg [/Users/masuidrive/.espressif/tools/xtensa-esp32-elf/esp-2020r3-5-g39b36b0-8.4.0/xtensa-esp32-elf/bin/../lib/gcc/xtensa-esp32-elf/8.4.0/crtbegin.o] ==> obj [/Users/masuidrive/.espressif/tools/xtensa-esp32-elf/esp-2020r3-5-g39b36b0-8.4.0/xtensa-esp32-elf/bin/../lib/gcc/xtensa-esp32-elf/8.4.0/crtbegin.o]
    arg [-L/Users/masuidrive/.espressif/tools/xtensa-esp32-elf/esp-2020r3-5-g39b36b0-8.4.0/xtensa-esp32-elf/bin/../lib/gcc/xtensa-esp32-elf/8.4.0] ==> dir [/Users/masuidrive/.espressif/tools/xtensa-esp32-elf/esp-2020r3-5-g39b36b0-8.4.0/xtensa-esp32-elf/bin/../lib/gcc/xtensa-esp32-elf/8.4.0]
    arg [-L/Users/masuidrive/.espressif/tools/xtensa-esp32-elf/esp-2020r3-5-g39b36b0-8.4.0/xtensa-esp32-elf/bin/../lib/gcc] ==> dir [/Users/masuidrive/.espressif/tools/xtensa-esp32-elf/esp-2020r3-5-g39b36b0-8.4.0/xtensa-esp32-elf/bin/../lib/gcc]
    arg [-L/Users/masuidrive/.espressif/tools/xtensa-esp32-elf/esp-2020r3-5-g39b36b0-8.4.0/xtensa-esp32-elf/bin/../lib/gcc/xtensa-esp32-elf/8.4.0/../../../../xtensa-esp32-elf/lib] ==> dir [/Users/masuidrive/.espressif/tools/xtensa-esp32-elf/esp-2020r3-5-g39b36b0-8.4.0/xtensa-esp32-elf/bin/../lib/gcc/xtensa-esp32-elf/8.4.0/../../../../xtensa-esp32-elf/lib]
    arg [CMakeFiles/cmTC_7d83a.dir/CMakeCXXCompilerABI.cpp.obj] ==> ignore
    arg [-lstdc++] ==> lib [stdc++]
    arg [-lm] ==> lib [m]
    arg [-lgcc] ==> lib [gcc]
    arg [-lc] ==> lib [c]
    arg [-lnosys] ==> lib [nosys]
    arg [-lc] ==> lib [c]
    arg [-lgcc] ==> lib [gcc]
    arg [/Users/masuidrive/.espressif/tools/xtensa-esp32-elf/esp-2020r3-5-g39b36b0-8.4.0/xtensa-esp32-elf/bin/../lib/gcc/xtensa-esp32-elf/8.4.0/crtend.o] ==> obj [/Users/masuidrive/.espressif/tools/xtensa-esp32-elf/esp-2020r3-5-g39b36b0-8.4.0/xtensa-esp32-elf/bin/../lib/gcc/xtensa-esp32-elf/8.4.0/crtend.o]
    arg [/Users/masuidrive/.espressif/tools/xtensa-esp32-elf/esp-2020r3-5-g39b36b0-8.4.0/xtensa-esp32-elf/bin/../lib/gcc/xtensa-esp32-elf/8.4.0/crtn.o] ==> obj [/Users/masuidrive/.espressif/tools/xtensa-esp32-elf/esp-2020r3-5-g39b36b0-8.4.0/xtensa-esp32-elf/bin/../lib/gcc/xtensa-esp32-elf/8.4.0/crtn.o]
  collapse obj [/Users/masuidrive/.espressif/tools/xtensa-esp32-elf/esp-2020r3-5-g39b36b0-8.4.0/xtensa-esp32-elf/bin/../lib/gcc/xtensa-esp32-elf/8.4.0/../../../../xtensa-esp32-elf/lib/crt0.o] ==> [/Users/masuidrive/.espressif/tools/xtensa-esp32-elf/esp-2020r3-5-g39b36b0-8.4.0/xtensa-esp32-elf/xtensa-esp32-elf/lib/crt0.o]
  collapse obj [/Users/masuidrive/.espressif/tools/xtensa-esp32-elf/esp-2020r3-5-g39b36b0-8.4.0/xtensa-esp32-elf/bin/../lib/gcc/xtensa-esp32-elf/8.4.0/crti.o] ==> [/Users/masuidrive/.espressif/tools/xtensa-esp32-elf/esp-2020r3-5-g39b36b0-8.4.0/xtensa-esp32-elf/lib/gcc/xtensa-esp32-elf/8.4.0/crti.o]
  collapse obj [/Users/masuidrive/.espressif/tools/xtensa-esp32-elf/esp-2020r3-5-g39b36b0-8.4.0/xtensa-esp32-elf/bin/../lib/gcc/xtensa-esp32-elf/8.4.0/crtbegin.o] ==> [/Users/masuidrive/.espressif/tools/xtensa-esp32-elf/esp-2020r3-5-g39b36b0-8.4.0/xtensa-esp32-elf/lib/gcc/xtensa-esp32-elf/8.4.0/crtbegin.o]
  collapse obj [/Users/masuidrive/.espressif/tools/xtensa-esp32-elf/esp-2020r3-5-g39b36b0-8.4.0/xtensa-esp32-elf/bin/../lib/gcc/xtensa-esp32-elf/8.4.0/crtend.o] ==> [/Users/masuidrive/.espressif/tools/xtensa-esp32-elf/esp-2020r3-5-g39b36b0-8.4.0/xtensa-esp32-elf/lib/gcc/xtensa-esp32-elf/8.4.0/crtend.o]
  collapse obj [/Users/masuidrive/.espressif/tools/xtensa-esp32-elf/esp-2020r3-5-g39b36b0-8.4.0/xtensa-esp32-elf/bin/../lib/gcc/xtensa-esp32-elf/8.4.0/crtn.o] ==> [/Users/masuidrive/.espressif/tools/xtensa-esp32-elf/esp-2020r3-5-g39b36b0-8.4.0/xtensa-esp32-elf/lib/gcc/xtensa-esp32-elf/8.4.0/crtn.o]
  collapse library dir [/Users/masuidrive/.espressif/tools/xtensa-esp32-elf/esp-2020r3-5-g39b36b0-8.4.0/xtensa-esp32-elf/bin/../lib/gcc/xtensa-esp32-elf/8.4.0] ==> [/Users/masuidrive/.espressif/tools/xtensa-esp32-elf/esp-2020r3-5-g39b36b0-8.4.0/xtensa-esp32-elf/lib/gcc/xtensa-esp32-elf/8.4.0]
  collapse library dir [/Users/masuidrive/.espressif/tools/xtensa-esp32-elf/esp-2020r3-5-g39b36b0-8.4.0/xtensa-esp32-elf/bin/../lib/gcc] ==> [/Users/masuidrive/.espressif/tools/xtensa-esp32-elf/esp-2020r3-5-g39b36b0-8.4.0/xtensa-esp32-elf/lib/gcc]
  collapse library dir [/Users/masuidrive/.espressif/tools/xtensa-esp32-elf/esp-2020r3-5-g39b36b0-8.4.0/xtensa-esp32-elf/bin/../lib/gcc/xtensa-esp32-elf/8.4.0/../../../../xtensa-esp32-elf/lib] ==> [/Users/masuidrive/.espressif/tools/xtensa-esp32-elf/esp-2020r3-5-g39b36b0-8.4.0/xtensa-esp32-elf/xtensa-esp32-elf/lib]
  implicit libs: [stdc++;m;gcc;c;nosys;c;gcc]
  implicit objs: [/Users/masuidrive/.espressif/tools/xtensa-esp32-elf/esp-2020r3-5-g39b36b0-8.4.0/xtensa-esp32-elf/xtensa-esp32-elf/lib/crt0.o;/Users/masuidrive/.espressif/tools/xtensa-esp32-elf/esp-2020r3-5-g39b36b0-8.4.0/xtensa-esp32-elf/lib/gcc/xtensa-esp32-elf/8.4.0/crti.o;/Users/masuidrive/.espressif/tools/xtensa-esp32-elf/esp-2020r3-5-g39b36b0-8.4.0/xtensa-esp32-elf/lib/gcc/xtensa-esp32-elf/8.4.0/crtbegin.o;/Users/masuidrive/.espressif/tools/xtensa-esp32-elf/esp-2020r3-5-g39b36b0-8.4.0/xtensa-esp32-elf/lib/gcc/xtensa-esp32-elf/8.4.0/crtend.o;/Users/masuidrive/.espressif/tools/xtensa-esp32-elf/esp-2020r3-5-g39b36b0-8.4.0/xtensa-esp32-elf/lib/gcc/xtensa-esp32-elf/8.4.0/crtn.o]
  implicit dirs: [/Users/masuidrive/.espressif/tools/xtensa-esp32-elf/esp-2020r3-5-g39b36b0-8.4.0/xtensa-esp32-elf/lib/gcc/xtensa-esp32-elf/8.4.0;/Users/masuidrive/.espressif/tools/xtensa-esp32-elf/esp-2020r3-5-g39b36b0-8.4.0/xtensa-esp32-elf/lib/gcc;/Users/masuidrive/.espressif/tools/xtensa-esp32-elf/esp-2020r3-5-g39b36b0-8.4.0/xtensa-esp32-elf/xtensa-esp32-elf/lib]
  implicit fwks: []


